::1 - - [06/Jul/2025:01:07:16 +0000] "GET /api/v1/properties?_end=4&_start=0& HTTP/1.1" 500 87
::1 - - [06/Jul/2025:01:15:15 +0000] "GET /api/v1/properties?_end=4&_start=0& HTTP/1.1" 304 -
::1 - - [06/Jul/2025:01:15:15 +0000] "GET /api/v1/properties?_end=4&_start=0& HTTP/1.1" 304 -
::1 - - [06/Jul/2025:01:15:20 +0000] "GET /api/v1/properties?_end=4&_start=0& HTTP/1.1" 304 -
::1 - - [06/Jul/2025:01:15:28 +0000] "GET /api/v1/properties?_end=10&_start=0& HTTP/1.1" 304 -
::1 - - [06/Jul/2025:01:15:35 +0000] "GET /api/v1/properties?_end=4&_start=0& HTTP/1.1" 304 -
::1 - - [06/Jul/2025:01:15:35 +0000] "GET /api/v1/properties?_end=4&_start=0& HTTP/1.1" 304 -
::1 - - [06/Jul/2025:01:16:27 +0000] "GET /api/v1/properties?_end=4&_start=0& HTTP/1.1" 304 -
::1 - - [06/Jul/2025:01:16:27 +0000] "GET /api/v1/properties?_end=4&_start=0& HTTP/1.1" 304 -
::1 - - [06/Jul/2025:01:20:35 +0000] "GET /api/v1/properties?_end=4&_start=0& HTTP/1.1" 304 -
::1 - - [06/Jul/2025:01:20:35 +0000] "GET /api/v1/properties?_end=4&_start=0& HTTP/1.1" 304 -
::1 - - [06/Jul/2025:01:20:42 +0000] "GET /api/v1/properties?_end=4&_start=0& HTTP/1.1" 304 -
::1 - - [06/Jul/2025:01:20:42 +0000] "GET /api/v1/properties?_end=4&_start=0& HTTP/1.1" 304 -
::1 - - [06/Jul/2025:01:20:54 +0000] "GET /api/v1/properties?_end=4&_start=0& HTTP/1.1" 304 -
::1 - - [06/Jul/2025:01:22:26 +0000] "GET /api/v1/properties?_end=4&_start=0& HTTP/1.1" 304 -
::1 - - [06/Jul/2025:01:22:26 +0000] "GET /api/v1/properties?_end=4&_start=0& HTTP/1.1" 304 -
::1 - - [06/Jul/2025:01:25:21 +0000] "GET /api/v1/properties?_end=4&_start=0& HTTP/1.1" 304 -
::1 - - [06/Jul/2025:01:25:21 +0000] "GET /api/v1/properties?_end=4&_start=0& HTTP/1.1" 304 -
::1 - - [06/Jul/2025:01:31:37 +0000] "GET /api/v1/properties?_end=4&_start=0& HTTP/1.1" 304 -
::1 - - [06/Jul/2025:01:31:37 +0000] "GET /api/v1/properties?_end=4&_start=0& HTTP/1.1" 304 -
::1 - - [06/Jul/2025:01:34:42 +0000] "GET /api/v1/properties?_end=4&_start=0& HTTP/1.1" 304 -
::1 - - [06/Jul/2025:01:34:42 +0000] "GET /api/v1/properties?_end=4&_start=0& HTTP/1.1" 304 -
::1 - - [06/Jul/2025:01:38:15 +0000] "GET /api/v1/properties?_end=4&_start=0& HTTP/1.1" 304 -
::1 - - [06/Jul/2025:01:38:15 +0000] "GET /api/v1/properties?_end=4&_start=0& HTTP/1.1" 304 -
::1 - - [06/Jul/2025:01:38:41 +0000] "GET /api/v1/properties?_end=4&_start=0& HTTP/1.1" 304 -
::1 - - [06/Jul/2025:01:38:41 +0000] "GET /api/v1/properties?_end=4&_start=0& HTTP/1.1" 304 -
::1 - - [06/Jul/2025:01:47:39 +0000] "GET /api/v1/properties?_end=10&_start=0& HTTP/1.1" 304 -
::1 - - [06/Jul/2025:01:47:39 +0000] "GET /api/v1/properties?_end=10&_start=0& HTTP/1.1" 304 -
::1 - - [06/Jul/2025:01:49:06 +0000] "GET /api/v1/properties?_end=10&_start=0& HTTP/1.1" 304 -
::1 - - [06/Jul/2025:01:49:06 +0000] "GET /api/v1/properties?_end=10&_start=0& HTTP/1.1" 304 -
::1 - - [06/Jul/2025:01:53:02 +0000] "GET /api/v1/properties?_end=10&_start=0& HTTP/1.1" 304 -
::1 - - [06/Jul/2025:01:53:02 +0000] "GET /api/v1/properties?_end=10&_start=0& HTTP/1.1" 304 -
::1 - - [06/Jul/2025:02:25:20 +0000] "GET /api/v1/properties?_end=10&_start=0& HTTP/1.1" - -
::1 - - [06/Jul/2025:02:26:11 +0000] "GET /api/v1/properties?_end=4&_start=0& HTTP/1.1" 500 50
::1 - - [06/Jul/2025:02:26:27 +0000] "GET /api/v1/properties?_end=4&_start=0& HTTP/1.1" 500 50
::1 - - [06/Jul/2025:02:26:31 +0000] "GET /api/v1/properties?_end=4&_start=0& HTTP/1.1" 500 50
::1 - - [06/Jul/2025:02:27:02 +0000] "GET /api/v1/properties?_end=4&_start=0& HTTP/1.1" 500 50
::1 - - [06/Jul/2025:02:53:26 +0000] "GET /api/v1/properties?_end=4&_start=0& HTTP/1.1" 200 2714
::1 - - [06/Jul/2025:02:53:26 +0000] "GET /api/v1/properties?_end=4&_start=0& HTTP/1.1" 304 -
::1 - - [06/Jul/2025:02:57:44 +0000] "GET /api/v1/properties?_end=4&_start=0& HTTP/1.1" 304 -
::1 - - [06/Jul/2025:02:57:44 +0000] "GET /api/v1/properties?_end=4&_start=0& HTTP/1.1" 304 -
::1 - - [06/Jul/2025:02:57:44 +0000] "GET /api/v1/properties?_end=4&_start=0& HTTP/1.1" 304 -
::1 - - [06/Jul/2025:02:57:44 +0000] "GET /api/v1/properties?_end=4&_start=0& HTTP/1.1" 304 -
::1 - - [06/Jul/2025:03:01:14 +0000] "GET /api/v1/properties?_end=4&_start=0& HTTP/1.1" 304 -
::1 - - [06/Jul/2025:03:01:14 +0000] "GET /api/v1/properties?_end=4&_start=0& HTTP/1.1" 304 -
::1 - - [06/Jul/2025:03:01:14 +0000] "GET /api/v1/properties?_end=4&_start=0& HTTP/1.1" 304 -
::1 - - [06/Jul/2025:03:01:14 +0000] "GET /api/v1/properties?_end=4&_start=0& HTTP/1.1" 304 -
::1 - - [06/Jul/2025:03:08:10 +0000] "GET /api/v1/properties?_end=4&_start=0& HTTP/1.1" 304 -
::1 - - [06/Jul/2025:03:08:10 +0000] "GET /api/v1/properties?_end=4&_start=0& HTTP/1.1" 304 -
::1 - - [06/Jul/2025:03:08:28 +0000] "GET /api/v1/properties?_end=4&_start=0& HTTP/1.1" 304 -
::1 - - [06/Jul/2025:03:08:28 +0000] "GET /api/v1/properties?_end=4&_start=0& HTTP/1.1" 304 -
::1 - - [06/Jul/2025:03:10:38 +0000] "GET /api/v1/properties?_end=4&_start=0& HTTP/1.1" 304 -
::1 - - [06/Jul/2025:03:10:38 +0000] "GET /api/v1/properties?_end=4&_start=0& HTTP/1.1" 304 -
::1 - - [06/Jul/2025:03:11:40 +0000] "GET /api/v1/properties?_end=4&_start=0& HTTP/1.1" 304 -
::1 - - [06/Jul/2025:03:11:40 +0000] "GET /api/v1/properties?_end=4&_start=0& HTTP/1.1" 304 -
::1 - - [06/Jul/2025:03:11:40 +0000] "GET /api/v1/properties?_end=4&_start=0& HTTP/1.1" 304 -
::1 - - [06/Jul/2025:03:11:40 +0000] "GET /api/v1/properties?_end=4&_start=0& HTTP/1.1" 304 -
::1 - - [06/Jul/2025:03:11:45 +0000] "GET /api/v1/properties?_end=4&_start=0& HTTP/1.1" 304 -
::1 - - [06/Jul/2025:03:11:45 +0000] "GET /api/v1/properties?_end=4&_start=0& HTTP/1.1" 304 -
::1 - - [06/Jul/2025:03:16:28 +0000] "GET /api/v1/properties?_end=4&_start=0& HTTP/1.1" 304 -
::1 - - [06/Jul/2025:03:16:28 +0000] "GET /api/v1/properties?_end=4&_start=0& HTTP/1.1" 304 -
::1 - - [06/Jul/2025:03:16:28 +0000] "GET /api/v1/properties?_end=4&_start=0& HTTP/1.1" 304 -
::1 - - [06/Jul/2025:03:16:29 +0000] "GET /api/v1/properties?_end=4&_start=0& HTTP/1.1" 304 -
::1 - - [06/Jul/2025:03:16:38 +0000] "GET /api/v1/properties?_end=10&_start=0& HTTP/1.1" 200 2714
::1 - - [06/Jul/2025:03:16:38 +0000] "GET /api/v1/properties?_end=10&_start=0& HTTP/1.1" 304 -
::1 - - [06/Jul/2025:03:16:43 +0000] "GET /api/v1/properties/686729768251eb42bcf52d32 HTTP/1.1" 404 32
::1 - - [06/Jul/2025:03:16:43 +0000] "GET /api/v1/properties/686729768251eb42bcf52d32 HTTP/1.1" 404 32
::1 - - [06/Jul/2025:03:16:44 +0000] "GET /api/v1/properties/686729768251eb42bcf52d32 HTTP/1.1" 404 32
::1 - - [06/Jul/2025:03:16:46 +0000] "GET /api/v1/properties/686729768251eb42bcf52d32 HTTP/1.1" 404 32
::1 - - [06/Jul/2025:03:16:50 +0000] "GET /api/v1/properties/686729768251eb42bcf52d32 HTTP/1.1" 404 32
::1 - - [06/Jul/2025:03:16:53 +0000] "GET /api/v1/properties?_end=10&_start=0& HTTP/1.1" 304 -
::1 - - [06/Jul/2025:03:16:53 +0000] "GET /api/v1/properties?_end=10&_start=0& HTTP/1.1" 304 -
::1 - - [06/Jul/2025:03:17:09 +0000] "GET /api/v1/properties/686729768251eb42bcf52d34 HTTP/1.1" 404 32
::1 - - [06/Jul/2025:03:17:09 +0000] "GET /api/v1/properties/686729768251eb42bcf52d34 HTTP/1.1" 404 32
::1 - - [06/Jul/2025:03:17:10 +0000] "GET /api/v1/properties/686729768251eb42bcf52d34 HTTP/1.1" 404 32
::1 - - [06/Jul/2025:03:17:11 +0000] "GET /api/v1/properties?_end=4&_start=0& HTTP/1.1" 304 -
::1 - - [06/Jul/2025:03:17:11 +0000] "GET /api/v1/properties?_end=4&_start=0& HTTP/1.1" 304 -
::1 - - [06/Jul/2025:03:17:15 +0000] "GET /api/v1/properties?_end=10&_start=0& HTTP/1.1" 304 -
::1 - - [06/Jul/2025:03:17:15 +0000] "GET /api/v1/properties?_end=10&_start=0& HTTP/1.1" 304 -
::1 - - [06/Jul/2025:03:18:36 +0000] "GET /api/v1/properties?_end=4&_start=0& HTTP/1.1" 304 -
::1 - - [06/Jul/2025:03:18:53 +0000] "GET /api/v1/properties?_end=10&_start=0& HTTP/1.1" 304 -
::1 - - [06/Jul/2025:03:18:53 +0000] "GET /api/v1/properties?_end=10&_start=0& HTTP/1.1" 304 -
::1 - - [06/Jul/2025:03:19:49 +0000] "GET /api/v1/properties?_end=10&_start=0& HTTP/1.1" 304 -
::1 - - [06/Jul/2025:03:19:49 +0000] "GET /api/v1/properties?_end=10&_start=0& HTTP/1.1" 304 -
::1 - - [06/Jul/2025:03:19:53 +0000] "GET /api/v1/properties?_end=10&_start=0& HTTP/1.1" 304 -
::1 - - [06/Jul/2025:03:19:53 +0000] "GET /api/v1/properties?_end=10&_start=0& HTTP/1.1" 304 -
::1 - - [06/Jul/2025:03:20:05 +0000] "GET /api/v1/properties/686729768251eb42bcf52d33 HTTP/1.1" 404 32
::1 - - [06/Jul/2025:03:20:05 +0000] "GET /api/v1/properties/686729768251eb42bcf52d33 HTTP/1.1" 404 32
::1 - - [06/Jul/2025:03:20:06 +0000] "GET /api/v1/properties/686729768251eb42bcf52d33 HTTP/1.1" 404 32
::1 - - [06/Jul/2025:03:20:07 +0000] "GET /api/v1/properties?_end=10&_start=0& HTTP/1.1" 304 -
::1 - - [06/Jul/2025:03:20:07 +0000] "GET /api/v1/properties?_end=10&_start=0& HTTP/1.1" 304 -
::1 - - [06/Jul/2025:03:21:46 +0000] "GET /api/v1/properties?_end=10&_start=0& HTTP/1.1" 304 -
::1 - - [06/Jul/2025:03:21:46 +0000] "GET /api/v1/properties?_end=10&_start=0& HTTP/1.1" 304 -
::1 - - [06/Jul/2025:03:22:55 +0000] "GET /api/v1/properties?_end=4&_start=0& HTTP/1.1" 304 -
::1 - - [06/Jul/2025:03:22:55 +0000] "GET /api/v1/properties?_end=4&_start=0& HTTP/1.1" 304 -
::1 - - [06/Jul/2025:03:22:55 +0000] "GET /api/v1/properties?_end=10&_start=0& HTTP/1.1" 304 -
::1 - - [06/Jul/2025:03:22:55 +0000] "GET /api/v1/properties?_end=10&_start=0& HTTP/1.1" 304 -
::1 - - [06/Jul/2025:03:24:12 +0000] "GET /api/v1/properties?_end=10&_start=0& HTTP/1.1" 304 -
::1 - - [06/Jul/2025:03:24:12 +0000] "GET /api/v1/properties?_end=10&_start=0& HTTP/1.1" 304 -
::1 - - [06/Jul/2025:03:25:42 +0000] "GET /api/v1/properties?_end=4&_start=0& HTTP/1.1" 304 -
::1 - - [06/Jul/2025:03:25:42 +0000] "GET /api/v1/properties?_end=4&_start=0& HTTP/1.1" 304 -
::1 - - [06/Jul/2025:03:25:42 +0000] "GET /api/v1/properties?_end=10&_start=0& HTTP/1.1" 304 -
::1 - - [06/Jul/2025:03:25:42 +0000] "GET /api/v1/properties?_end=10&_start=0& HTTP/1.1" 304 -
::1 - - [06/Jul/2025:03:25:57 +0000] "GET /api/v1/properties?_end=4&_start=0& HTTP/1.1" 304 -
::1 - - [06/Jul/2025:03:25:57 +0000] "GET /api/v1/properties?_end=4&_start=0& HTTP/1.1" 304 -
::1 - - [06/Jul/2025:03:27:01 +0000] "GET /api/v1/users/undefined HTTP/1.1" 404 161
::1 - - [06/Jul/2025:03:27:01 +0000] "GET /api/v1/users/undefined HTTP/1.1" 404 161
::1 - - [06/Jul/2025:03:27:02 +0000] "GET /api/v1/users/undefined HTTP/1.1" 404 161
::1 - - [06/Jul/2025:03:27:04 +0000] "GET /api/v1/users/undefined HTTP/1.1" 404 161
::1 - - [06/Jul/2025:03:27:08 +0000] "GET /api/v1/users/undefined HTTP/1.1" 404 161
::1 - - [06/Jul/2025:03:27:09 +0000] "GET /api/v1/properties?_end=4&_start=0& HTTP/1.1" 304 -
::1 - - [06/Jul/2025:03:27:09 +0000] "GET /api/v1/properties?_end=4&_start=0& HTTP/1.1" 304 -
::1 - - [06/Jul/2025:03:27:30 +0000] "GET /api/v1/users?_end=10&_start=0& HTTP/1.1" 404 151
::1 - - [06/Jul/2025:03:27:30 +0000] "GET /api/v1/users?_end=10&_start=0& HTTP/1.1" 404 151
::1 - - [06/Jul/2025:03:27:31 +0000] "GET /api/v1/users?_end=10&_start=0& HTTP/1.1" 404 151
::1 - - [06/Jul/2025:03:27:33 +0000] "GET /api/v1/users?_end=10&_start=0& HTTP/1.1" 404 151
::1 - - [06/Jul/2025:03:27:37 +0000] "GET /api/v1/users?_end=10&_start=0& HTTP/1.1" 404 151
::1 - - [06/Jul/2025:03:27:42 +0000] "GET /api/v1/properties?_end=10&_start=0& HTTP/1.1" 304 -
::1 - - [06/Jul/2025:03:27:42 +0000] "GET /api/v1/properties?_end=10&_start=0& HTTP/1.1" 304 -
::1 - - [06/Jul/2025:03:27:49 +0000] "GET /api/v1/properties?_end=4&_start=0& HTTP/1.1" 304 -
::1 - - [06/Jul/2025:03:27:49 +0000] "GET /api/v1/properties?_end=4&_start=0& HTTP/1.1" 304 -
::1 - - [06/Jul/2025:03:29:35 +0000] "GET /api/v1/properties?_end=10&_start=0& HTTP/1.1" 304 -
::1 - - [06/Jul/2025:03:29:35 +0000] "GET /api/v1/properties?_end=10&_start=0& HTTP/1.1" 304 -
::1 - - [06/Jul/2025:03:29:36 +0000] "GET /api/v1/properties?_end=4&_start=0& HTTP/1.1" 304 -
::1 - - [06/Jul/2025:03:29:36 +0000] "GET /api/v1/properties?_end=4&_start=0& HTTP/1.1" 304 -
::1 - - [06/Jul/2025:12:43:28 +0000] "GET /api/v1/properties?_end=4&_start=0& HTTP/1.1" 304 -
::1 - - [06/Jul/2025:12:43:31 +0000] "GET /api/v1/properties?_end=4&_start=0& HTTP/1.1" 304 -
::1 - - [06/Jul/2025:13:18:44 +0000] "GET /api/v1/properties/686729768251eb42bcf52d32 HTTP/1.1" 404 32
::1 - - [06/Jul/2025:13:18:44 +0000] "GET /api/v1/properties/686729768251eb42bcf52d32 HTTP/1.1" 404 32
::1 - - [06/Jul/2025:13:18:46 +0000] "GET /api/v1/properties/686729768251eb42bcf52d32 HTTP/1.1" 404 32
::1 - - [06/Jul/2025:13:18:48 +0000] "GET /api/v1/properties/686729768251eb42bcf52d32 HTTP/1.1" 404 32
::1 - - [06/Jul/2025:13:18:52 +0000] "GET /api/v1/properties/686729768251eb42bcf52d32 HTTP/1.1" 404 32
::1 - - [06/Jul/2025:13:20:11 +0000] "GET /api/v1/properties/686729768251eb42bcf52d32 HTTP/1.1" 404 32
::1 - - [06/Jul/2025:13:20:11 +0000] "GET /api/v1/properties/686729768251eb42bcf52d32 HTTP/1.1" 404 32
::1 - - [06/Jul/2025:13:20:12 +0000] "GET /api/v1/properties/686729768251eb42bcf52d32 HTTP/1.1" 404 32
::1 - - [06/Jul/2025:13:20:14 +0000] "GET /api/v1/properties/686729768251eb42bcf52d32 HTTP/1.1" 404 32
::1 - - [06/Jul/2025:13:20:18 +0000] "GET /api/v1/properties/686729768251eb42bcf52d32 HTTP/1.1" 404 32
::1 - - [06/Jul/2025:13:20:21 +0000] "GET /api/v1/properties/686729768251eb42bcf52d32 HTTP/1.1" 404 32
::1 - - [06/Jul/2025:13:20:21 +0000] "GET /api/v1/properties/686729768251eb42bcf52d32 HTTP/1.1" 404 32
::1 - - [06/Jul/2025:13:20:22 +0000] "GET /api/v1/properties/686729768251eb42bcf52d32 HTTP/1.1" 404 32
::1 - - [06/Jul/2025:13:20:23 +0000] "GET /api/v1/properties?_end=4&_start=0& HTTP/1.1" 304 -
::1 - - [06/Jul/2025:13:20:23 +0000] "GET /api/v1/properties?_end=4&_start=0& HTTP/1.1" 304 -
::1 - - [06/Jul/2025:13:20:53 +0000] "GET /api/v1/properties/686729768251eb42bcf52d32 HTTP/1.1" 404 32
::1 - - [06/Jul/2025:13:20:53 +0000] "GET /api/v1/properties/686729768251eb42bcf52d32 HTTP/1.1" 404 32
::1 - - [06/Jul/2025:13:20:54 +0000] "GET /api/v1/properties/686729768251eb42bcf52d32 HTTP/1.1" 404 32
::1 - - [06/Jul/2025:13:20:55 +0000] "GET /api/v1/properties?_end=4&_start=0& HTTP/1.1" 304 -
::1 - - [06/Jul/2025:13:20:56 +0000] "GET /api/v1/properties?_end=4&_start=0& HTTP/1.1" 304 -
::1 - - [06/Jul/2025:13:21:53 +0000] "GET /api/v1/properties?_end=4&_start=0& HTTP/1.1" 304 -
::1 - - [06/Jul/2025:13:21:53 +0000] "GET /api/v1/properties?_end=4&_start=0& HTTP/1.1" 304 -
::1 - - [06/Jul/2025:13:22:13 +0000] "GET /api/v1/properties?_end=4&_start=0& HTTP/1.1" 304 -
::1 - - [06/Jul/2025:13:22:13 +0000] "GET /api/v1/properties?_end=4&_start=0& HTTP/1.1" 304 -
::1 - - [06/Jul/2025:13:22:30 +0000] "GET /api/v1/properties/686729768251eb42bcf52d32 HTTP/1.1" 404 32
::1 - - [06/Jul/2025:13:22:30 +0000] "GET /api/v1/properties/686729768251eb42bcf52d32 HTTP/1.1" 404 32
::1 - - [06/Jul/2025:13:22:31 +0000] "GET /api/v1/properties/686729768251eb42bcf52d32 HTTP/1.1" 404 32
::1 - - [06/Jul/2025:13:22:33 +0000] "GET /api/v1/properties/686729768251eb42bcf52d32 HTTP/1.1" 404 32
::1 - - [06/Jul/2025:13:22:37 +0000] "GET /api/v1/properties/686729768251eb42bcf52d32 HTTP/1.1" 404 32
::1 - - [06/Jul/2025:13:37:00 +0000] "GET /api/v1/properties/686729768251eb42bcf52d32 HTTP/1.1" 404 32
::1 - - [06/Jul/2025:13:38:48 +0000] "GET /api/v1/properties/686729768251eb42bcf52d32 HTTP/1.1" 404 32
::1 - - [06/Jul/2025:13:45:35 +0000] "GET /api/v1/properties/686729768251eb42bcf52d32 HTTP/1.1" 404 32
::1 - - [06/Jul/2025:13:53:35 +0000] "GET /api/v1/properties/686729768251eb42bcf52d32 HTTP/1.1" 404 32
::1 - - [06/Jul/2025:13:54:36 +0000] "GET /api/v1/properties/686729768251eb42bcf52d32 HTTP/1.1" 404 32
::1 - - [06/Jul/2025:13:55:04 +0000] "GET /api/v1/properties/686729768251eb42bcf52d32 HTTP/1.1" 404 32
::1 - - [06/Jul/2025:13:55:22 +0000] "GET /api/v1/properties/686729768251eb42bcf52d32 HTTP/1.1" 404 32
::1 - - [06/Jul/2025:13:56:57 +0000] "GET /api/v1/properties/686729768251eb42bcf52d32 HTTP/1.1" 200 1023
::1 - - [06/Jul/2025:13:57:37 +0000] "GET /api/v1/properties/686729768251eb42bcf52d32 HTTP/1.1" 200 1001
::1 - - [06/Jul/2025:13:59:04 +0000] "GET /api/v1/properties/686729768251eb42bcf52d32 HTTP/1.1" 200 1001
::1 - - [06/Jul/2025:13:59:04 +0000] "GET /api/v1/properties/686729768251eb42bcf52d32 HTTP/1.1" 304 -
::ffff:127.0.0.1 - - [06/Jul/2025:13:59:04 +0000] "GET /properties/show/undefined HTTP/1.1" 404 164
::1 - - [06/Jul/2025:13:59:16 +0000] "GET /api/v1/properties?_end=4&_start=0& HTTP/1.1" 304 -
::1 - - [06/Jul/2025:13:59:16 +0000] "GET /api/v1/properties?_end=4&_start=0& HTTP/1.1" 304 -
::1 - - [06/Jul/2025:13:59:22 +0000] "GET /api/v1/properties/686729768251eb42bcf52d32 HTTP/1.1" 304 -
::1 - - [06/Jul/2025:13:59:22 +0000] "GET /api/v1/properties/686729768251eb42bcf52d32 HTTP/1.1" 304 -
::ffff:127.0.0.1 - - [06/Jul/2025:13:59:22 +0000] "GET /properties/show/undefined HTTP/1.1" 404 164
::1 - - [06/Jul/2025:13:59:36 +0000] "GET /api/v1/properties/686729768251eb42bcf52d32 HTTP/1.1" 304 -
::1 - - [06/Jul/2025:13:59:36 +0000] "GET /api/v1/properties/686729768251eb42bcf52d32 HTTP/1.1" 304 -
::ffff:127.0.0.1 - - [06/Jul/2025:13:59:36 +0000] "GET /properties/show/undefined HTTP/1.1" 404 164
::1 - - [06/Jul/2025:13:59:55 +0000] "GET /api/v1/properties/686729768251eb42bcf52d32 HTTP/1.1" 304 -
::1 - - [06/Jul/2025:13:59:55 +0000] "GET /favicon.ico HTTP/1.1" 404 150
::1 - - [06/Jul/2025:14:01:02 +0000] "GET /api/v1/properties?_end=4&_start=0& HTTP/1.1" 304 -
::1 - - [06/Jul/2025:14:01:02 +0000] "GET /api/v1/properties?_end=4&_start=0& HTTP/1.1" 304 -
::1 - - [06/Jul/2025:14:01:05 +0000] "GET /api/v1/properties?_end=4&_start=0& HTTP/1.1" 304 -
::1 - - [06/Jul/2025:14:01:05 +0000] "GET /api/v1/properties?_end=4&_start=0& HTTP/1.1" 304 -
::1 - - [06/Jul/2025:14:01:13 +0000] "GET /api/v1/properties/686729768251eb42bcf52d34 HTTP/1.1" 200 1001
::1 - - [06/Jul/2025:14:01:13 +0000] "GET /api/v1/properties/686729768251eb42bcf52d34 HTTP/1.1" 304 -
::ffff:127.0.0.1 - - [06/Jul/2025:14:01:13 +0000] "GET /properties/show/undefined HTTP/1.1" 404 164
::1 - - [06/Jul/2025:14:04:11 +0000] "GET /api/v1/properties/686729768251eb42bcf52d34 HTTP/1.1" 304 -
::1 - - [06/Jul/2025:14:04:11 +0000] "GET /api/v1/properties/686729768251eb42bcf52d34 HTTP/1.1" 304 -
::ffff:127.0.0.1 - - [06/Jul/2025:14:04:11 +0000] "GET /properties/show/undefined HTTP/1.1" 404 164
::1 - - [06/Jul/2025:14:13:01 +0000] "GET /api/v1/properties/686729768251eb42bcf52d32 HTTP/1.1" 200 1001
::1 - - [06/Jul/2025:14:13:26 +0000] "GET /api/v1/properties/686729768251eb42bcf52d32 HTTP/1.1" 200 1001
::1 - - [06/Jul/2025:14:18:20 +0000] "GET /api/v1/properties/686729768251eb42bcf52d32 HTTP/1.1" 404 32
::1 - - [06/Jul/2025:14:18:44 +0000] "GET /api/v1/properties/686729768251eb42bcf52d32 HTTP/1.1" 404 32
::1 - - [06/Jul/2025:14:19:35 +0000] "GET /api/v1/properties/686729768251eb42bcf52d32 HTTP/1.1" 404 32
::1 - - [06/Jul/2025:14:21:55 +0000] "GET /api/v1/properties/686729768251eb42bcf52d32 HTTP/1.1" 200 1001
::1 - - [06/Jul/2025:14:44:31 +0000] "GET /api/v1/properties/686729768251eb42bcf52d32 HTTP/1.1" 200 1001
::1 - - [06/Jul/2025:14:48:48 +0000] "GET /api/v1/properties/686729768251eb42bcf52d32 HTTP/1.1" 200 1001
::1 - - [06/Jul/2025:14:55:59 +0000] "GET /api/v1/properties/686729768251eb42bcf52d34 HTTP/1.1" 200 1001
::1 - - [06/Jul/2025:14:55:59 +0000] "GET /api/v1/properties/686729768251eb42bcf52d34 HTTP/1.1" 304 -
::ffff:127.0.0.1 - - [06/Jul/2025:14:56:00 +0000] "GET /properties/show/undefined HTTP/1.1" 404 164
::1 - - [06/Jul/2025:15:12:30 +0000] "GET /api/v1/properties/686729768251eb42bcf52d32 HTTP/1.1" 200 1001
::1 - - [06/Jul/2025:15:12:46 +0000] "GET /api/v1/properties/686729768251eb42bcf52d32 HTTP/1.1" 200 1001
::1 - - [06/Jul/2025:15:13:03 +0000] "GET /api/v1/properties/686729768251eb42bcf52d32 HTTP/1.1" 200 1001
::1 - - [06/Jul/2025:15:13:33 +0000] "GET /api/v1/properties/686729768251eb42bcf52d32 HTTP/1.1" 200 1001
::1 - - [06/Jul/2025:15:13:49 +0000] "GET /api/v1/properties/686729768251eb42bcf52d33 HTTP/1.1" 200 1001
::1 - - [06/Jul/2025:15:13:59 +0000] "GET /api/v1/properties/686729768251eb42bcf52d30 HTTP/1.1" 200 1001
::1 - - [06/Jul/2025:15:14:18 +0000] "GET /api/v1/properties/686729768251eb42bcf52d HTTP/1.1" 200 1001
::1 - - [06/Jul/2025:15:15:03 +0000] "GET /api/v1/properties/686729768251eb42bcf52d32 HTTP/1.1" 200 1001
::1 - - [06/Jul/2025:15:17:18 +0000] "GET /api/v1/properties/686729768251eb42bcf52d40 HTTP/1.1" 200 1001
::1 - - [06/Jul/2025:15:18:56 +0000] "GET /api/v1/properties/686729768251eb42bcf52d32 HTTP/1.1" 200 1001
::1 - - [06/Jul/2025:15:19:15 +0000] "GET /api/v1/properties?_end=4&_start=0& HTTP/1.1" 200 2714
::1 - - [06/Jul/2025:15:19:45 +0000] "GET /api/v1/properties?_end=4&_start=0& HTTP/1.1" 200 2714
::1 - - [06/Jul/2025:15:20:16 +0000] "GET /api/v1/properties?_end=4&_start=0& HTTP/1.1" 200 2714
::1 - - [06/Jul/2025:15:20:39 +0000] "GET /api/v1/properties/686729768251eb42bcf52d32 HTTP/1.1" 200 1001
::1 - - [06/Jul/2025:15:20:56 +0000] "GET /api/v1/properties/686729768251eb42bcf5 HTTP/1.1" 200 1001
::1 - - [06/Jul/2025:15:24:19 +0000] "GET /api/v1/properties/686729768251eb42bcf52d32 HTTP/1.1" 404 32
::1 - - [06/Jul/2025:15:25:03 +0000] "GET /api/v1/properties/686729768251eb42bcf52d34 HTTP/1.1" 404 32
::1 - - [06/Jul/2025:15:31:28 +0000] "GET /api/v1/properties/686729768251eb42bcf52d34 HTTP/1.1" 404 32
::1 - - [06/Jul/2025:15:31:29 +0000] "GET /api/v1/properties/686729768251eb42bcf52d34 HTTP/1.1" 404 32
::1 - - [06/Jul/2025:15:31:42 +0000] "GET /api/v1/properties/686729768251eb42bcf52d34 HTTP/1.1" 404 32
::1 - - [06/Jul/2025:15:32:08 +0000] "GET /api/v1/properties/686729768251eb42bcf52d34 HTTP/1.1" 404 32
::1 - - [06/Jul/2025:15:36:00 +0000] "GET /api/v1/properties/686729768251eb42bcf52d34 HTTP/1.1" 404 32
::1 - - [06/Jul/2025:15:36:23 +0000] "GET /api/v1/properties/686729768251eb42bcf52d34 HTTP/1.1" 404 32
::1 - - [06/Jul/2025:15:36:32 +0000] "GET /api/v1/properties?_end=4&_start=0& HTTP/1.1" 200 2714
::1 - - [06/Jul/2025:15:36:50 +0000] "GET /api/v1/properties/686729768251eb42bcf52d32 HTTP/1.1" 404 32
::1 - - [06/Jul/2025:15:36:59 +0000] "GET /api/v1/properties/0 HTTP/1.1" 404 32
::1 - - [06/Jul/2025:15:40:25 +0000] "GET /api/v1/properties/686729768251eb42bcf52d32 HTTP/1.1" 404 32
::1 - - [06/Jul/2025:15:46:03 +0000] "GET /api/v1/properties/686729768251eb42bcf52d32 HTTP/1.1" 404 32
::1 - - [06/Jul/2025:16:42:12 +0000] "GET /api/v1/properties/686aa6c02bbf9b7454cb78cf HTTP/1.1" 200 1023
::1 - - [06/Jul/2025:16:43:10 +0000] "GET /api/v1/properties/686aa6c02bbf9b7454cb78cf HTTP/1.1" 200 1001
::1 - - [06/Jul/2025:16:44:16 +0000] "GET /api/v1/properties/686aa6c02bbf9b7454cb78cf HTTP/1.1" 200 1001
::1 - - [06/Jul/2025:16:46:41 +0000] "GET /api/v1/properties/686aa6c02bbf9b7454cb78cf HTTP/1.1" 200 1111
::1 - - [06/Jul/2025:16:47:11 +0000] "GET /api/v1/properties?_end=4&_start=0& HTTP/1.1" 200 2714
::1 - - [06/Jul/2025:16:47:11 +0000] "GET /api/v1/properties?_end=4&_start=0& HTTP/1.1" 304 -
::1 - - [06/Jul/2025:16:47:17 +0000] "GET /api/v1/properties/686aa6c02bbf9b7454cb78cf HTTP/1.1" 200 1111
::1 - - [06/Jul/2025:16:47:17 +0000] "GET /api/v1/properties/686aa6c02bbf9b7454cb78cf HTTP/1.1" 304 -
::ffff:127.0.0.1 - - [06/Jul/2025:16:47:18 +0000] "GET /properties/show/undefined HTTP/1.1" 404 164
::1 - - [06/Jul/2025:16:47:32 +0000] "GET /api/v1/properties/686aa6c02bbf9b7454cb78cf HTTP/1.1" 304 -
::1 - - [06/Jul/2025:16:47:32 +0000] "GET /api/v1/properties/686aa6c02bbf9b7454cb78cf HTTP/1.1" 304 -
::ffff:127.0.0.1 - - [06/Jul/2025:16:47:32 +0000] "GET /properties/show/undefined HTTP/1.1" 404 164
::1 - - [06/Jul/2025:16:48:20 +0000] "GET /api/v1/properties/686aa6c02bbf9b7454cb78cf HTTP/1.1" 304 -
::1 - - [06/Jul/2025:16:48:20 +0000] "GET /api/v1/properties/686aa6c02bbf9b7454cb78cf HTTP/1.1" 304 -
::ffff:127.0.0.1 - - [06/Jul/2025:16:48:20 +0000] "GET /properties/show/undefined HTTP/1.1" 404 164
::1 - - [06/Jul/2025:16:50:56 +0000] "GET /api/v1/properties/686aa6c02bbf9b7454cb78cf HTTP/1.1" 304 -
::1 - - [06/Jul/2025:16:50:56 +0000] "GET /api/v1/properties/686aa6c02bbf9b7454cb78cf HTTP/1.1" 304 -
::ffff:127.0.0.1 - - [06/Jul/2025:16:50:57 +0000] "GET /properties/show/undefined HTTP/1.1" 404 164
::1 - - [06/Jul/2025:16:51:40 +0000] "GET /api/v1/properties/686aa6c02bbf9b7454cb78cf HTTP/1.1" 304 -
::1 - - [06/Jul/2025:16:51:40 +0000] "GET /api/v1/properties/686aa6c02bbf9b7454cb78cf HTTP/1.1" 304 -
::ffff:127.0.0.1 - - [06/Jul/2025:16:51:40 +0000] "GET /properties/show/undefined HTTP/1.1" 404 164
::1 - - [06/Jul/2025:16:53:46 +0000] "GET /api/v1/properties/686aa6c02bbf9b7454cb78cf HTTP/1.1" - -
::1 - - [10/Jul/2025:01:08:12 +0000] "GET /api/v1/properties?_end=4&_start=0& HTTP/1.1" 304 -
::1 - - [10/Jul/2025:01:22:33 +0000] "GET /api/v1/properties?_end=4&_start=0& HTTP/1.1" 304 -
::1 - - [10/Jul/2025:01:22:33 +0000] "GET /api/v1/properties?_end=4&_start=0& HTTP/1.1" 304 -
::1 - - [10/Jul/2025:01:23:06 +0000] "GET /api/v1/properties?_end=10&_start=0& HTTP/1.1" 200 2714
::1 - - [10/Jul/2025:01:23:06 +0000] "GET /api/v1/properties?_end=10&_start=0& HTTP/1.1" 304 -
::1 - - [10/Jul/2025:01:23:44 +0000] "GET /api/v1/properties/686aa7062bbf9b7454cb78d1 HTTP/1.1" 200 917
::1 - - [10/Jul/2025:01:23:44 +0000] "GET /api/v1/properties/686aa7062bbf9b7454cb78d1 HTTP/1.1" 304 -
::1 - - [10/Jul/2025:01:34:46 +0000] "GET /api/v1/properties/686aa7062bbf9b7454cb78d1 HTTP/1.1" 304 -
::1 - - [10/Jul/2025:01:34:46 +0000] "GET /api/v1/properties/686aa7062bbf9b7454cb78d1 HTTP/1.1" 304 -
::1 - - [10/Jul/2025:01:34:52 +0000] "GET /api/v1/properties/686aa7062bbf9b7454cb78d1 HTTP/1.1" 304 -
::1 - - [10/Jul/2025:01:34:52 +0000] "GET /api/v1/properties/686aa7062bbf9b7454cb78d1 HTTP/1.1" 304 -
::1 - - [10/Jul/2025:01:46:12 +0000] "GET /api/v1/properties/686aa7062bbf9b7454cb78d1 HTTP/1.1" 304 -
::1 - - [10/Jul/2025:01:49:22 +0000] "GET /api/v1/users?_end=10&_start=0& HTTP/1.1" 404 151
::1 - - [10/Jul/2025:01:49:22 +0000] "GET /api/v1/users?_end=10&_start=0& HTTP/1.1" 404 151
::1 - - [10/Jul/2025:01:49:23 +0000] "GET /api/v1/users?_end=10&_start=0& HTTP/1.1" 404 151
::1 - - [10/Jul/2025:01:49:25 +0000] "GET /api/v1/users?_end=10&_start=0& HTTP/1.1" 404 151
::1 - - [10/Jul/2025:01:49:29 +0000] "GET /api/v1/users?_end=10&_start=0& HTTP/1.1" 404 151
::1 - - [10/Jul/2025:01:49:32 +0000] "GET /api/v1/properties?_end=4&_start=0& HTTP/1.1" 304 -
::1 - - [10/Jul/2025:01:49:32 +0000] "GET /api/v1/properties?_end=4&_start=0& HTTP/1.1" 304 -
::1 - - [10/Jul/2025:01:49:38 +0000] "GET /api/v1/properties?_end=10&_start=0& HTTP/1.1" 304 -
::1 - - [10/Jul/2025:01:49:38 +0000] "GET /api/v1/properties?_end=10&_start=0& HTTP/1.1" 304 -
::1 - - [10/Jul/2025:02:09:43 +0000] "OPTIONS /api/v1/properties HTTP/1.1" 204 0
::1 - - [10/Jul/2025:02:09:43 +0000] "POST /api/v1/properties HTTP/1.1" 500 84
::1 - - [10/Jul/2025:02:10:47 +0000] "GET /api/v1/properties?_end=10&_start=0& HTTP/1.1" 304 -
::1 - - [10/Jul/2025:02:10:47 +0000] "GET /api/v1/properties?_end=10&_start=0& HTTP/1.1" 304 -
::1 - - [10/Jul/2025:02:16:19 +0000] "OPTIONS /api/v1/properties HTTP/1.1" 204 0
::1 - - [10/Jul/2025:02:16:19 +0000] "POST /api/v1/properties HTTP/1.1" 500 84
::1 - - [10/Jul/2025:02:19:19 +0000] "OPTIONS /api/v1/properties HTTP/1.1" 204 0
::1 - - [10/Jul/2025:02:19:19 +0000] "POST /api/v1/properties HTTP/1.1" 500 84
::1 - - [10/Jul/2025:10:18:34 +0000] "OPTIONS /api/v1/properties HTTP/1.1" 204 0
::1 - - [10/Jul/2025:10:18:34 +0000] "POST /api/v1/properties HTTP/1.1" 500 84
::1 - - [10/Jul/2025:10:20:00 +0000] "OPTIONS /api/v1/properties HTTP/1.1" 204 0
::1 - - [10/Jul/2025:10:20:00 +0000] "POST /api/v1/properties HTTP/1.1" 500 84
::1 - - [10/Jul/2025:13:55:07 +0000] "GET /api/v1/properties?_end=4&_start=0& HTTP/1.1" 200 2714
::1 - - [10/Jul/2025:13:55:07 +0000] "GET /api/v1/properties?_end=4&_start=0& HTTP/1.1" 304 -
::1 - - [10/Jul/2025:13:56:07 +0000] "OPTIONS /api/v1/properties HTTP/1.1" 204 0
::1 - - [10/Jul/2025:13:56:07 +0000] "POST /api/v1/properties HTTP/1.1" 500 29
::1 - - [10/Jul/2025:14:01:21 +0000] "OPTIONS /api/v1/properties HTTP/1.1" 204 0
::1 - - [10/Jul/2025:14:01:21 +0000] "POST /api/v1/properties HTTP/1.1" 500 29
::1 - - [10/Jul/2025:14:03:03 +0000] "OPTIONS /api/v1/properties HTTP/1.1" 204 0
::1 - - [10/Jul/2025:14:03:03 +0000] "POST /api/v1/properties HTTP/1.1" 500 378
::1 - - [10/Jul/2025:14:05:41 +0000] "OPTIONS /api/v1/properties HTTP/1.1" 204 0
::1 - - [10/Jul/2025:14:05:41 +0000] "POST /api/v1/properties HTTP/1.1" 500 35
::1 - - [10/Jul/2025:14:07:06 +0000] "OPTIONS /api/v1/properties HTTP/1.1" 204 0
::1 - - [10/Jul/2025:14:07:06 +0000] "POST /api/v1/properties HTTP/1.1" 500 35
::1 - - [10/Jul/2025:14:07:36 +0000] "OPTIONS /api/v1/properties HTTP/1.1" 204 0
::1 - - [10/Jul/2025:14:07:36 +0000] "POST /api/v1/properties HTTP/1.1" 500 35
::1 - - [10/Jul/2025:14:08:03 +0000] "OPTIONS /api/v1/properties HTTP/1.1" 204 0
::1 - - [10/Jul/2025:14:08:03 +0000] "POST /api/v1/properties HTTP/1.1" 500 188
::1 - - [10/Jul/2025:14:09:20 +0000] "OPTIONS /api/v1/properties HTTP/1.1" 204 0
::1 - - [10/Jul/2025:14:09:20 +0000] "POST /api/v1/properties HTTP/1.1" 500 86
::1 - - [10/Jul/2025:14:10:14 +0000] "OPTIONS /api/v1/properties HTTP/1.1" 204 0
::1 - - [10/Jul/2025:14:10:14 +0000] "POST /api/v1/properties HTTP/1.1" 200 43
::1 - - [10/Jul/2025:14:10:14 +0000] "GET /api/v1/properties?_end=10&_start=0& HTTP/1.1" 200 3554
::1 - - [10/Jul/2025:14:10:14 +0000] "GET /api/v1/properties?_end=10&_start=0& HTTP/1.1" 304 -
::1 - - [10/Jul/2025:14:58:22 +0000] "GET /api/v1/properties?_end=4&_start=0& HTTP/1.1" 200 3554
::1 - - [10/Jul/2025:14:58:22 +0000] "GET /api/v1/properties?_end=10&_start=0& HTTP/1.1" 304 -
::1 - - [10/Jul/2025:16:14:17 +0000] "GET /api/v1/properties?_end=10&_start=0& HTTP/1.1" 304 -
::1 - - [10/Jul/2025:16:14:17 +0000] "GET /api/v1/properties?_end=4&_start=0& HTTP/1.1" 304 -
::1 - - [10/Jul/2025:17:50:30 +0000] "GET /api/v1/properties?_end=4&_start=0& HTTP/1.1" 304 -
::1 - - [10/Jul/2025:17:50:30 +0000] "GET /api/v1/properties?_end=10&_start=0& HTTP/1.1" 304 -
::1 - - [10/Jul/2025:18:03:06 +0000] "GET /api/v1/properties?_end=10&_start=0& HTTP/1.1" 500 56
::1 - - [10/Jul/2025:18:03:26 +0000] "GET /api/v1/properties?_end=10&_start=0& HTTP/1.1" 500 56
::1 - - [10/Jul/2025:18:03:57 +0000] "GET /api/v1/properties?_end=10&_start=0& HTTP/1.1" 500 56
::1 - - [10/Jul/2025:18:04:29 +0000] "GET /api/v1/properties?_end=10&_start=0& HTTP/1.1" 500 56
::1 - - [10/Jul/2025:18:04:37 +0000] "GET /api/v1/properties?_end=4&_start=0& HTTP/1.1" 500 56
::1 - - [10/Jul/2025:18:04:57 +0000] "GET /api/v1/properties?_end=4&_start=0& HTTP/1.1" 500 56
::1 - - [10/Jul/2025:18:04:59 +0000] "GET /api/v1/properties?_end=10&_start=0& HTTP/1.1" 500 56
::1 - - [10/Jul/2025:18:05:01 +0000] "GET /api/v1/properties?_end=10&_start=0& HTTP/1.1" 500 56
::1 - - [10/Jul/2025:18:05:23 +0000] "GET /api/v1/properties?_end=10&_start=0& HTTP/1.1" - -
::1 - - [10/Jul/2025:18:05:23 +0000] "GET /api/v1/properties?_end=4&_start=0& HTTP/1.1" - -
::1 - - [10/Jul/2025:18:05:54 +0000] "GET /api/v1/properties?_end=4&_start=0& HTTP/1.1" 500 56
::1 - - [10/Jul/2025:18:06:05 +0000] "GET /api/v1/users/undefined HTTP/1.1" 404 161
::1 - - [10/Jul/2025:18:06:05 +0000] "GET /api/v1/users/undefined HTTP/1.1" 404 161
::1 - - [10/Jul/2025:18:06:06 +0000] "GET /api/v1/users/undefined HTTP/1.1" 404 161
::1 - - [10/Jul/2025:18:06:08 +0000] "GET /api/v1/users/undefined HTTP/1.1" 404 161
::1 - - [10/Jul/2025:18:06:12 +0000] "GET /api/v1/users/undefined HTTP/1.1" 404 161
::1 - - [10/Jul/2025:18:06:14 +0000] "GET /api/v1/properties?_end=4&_start=0& HTTP/1.1" 500 56
::1 - - [10/Jul/2025:18:06:22 +0000] "GET /api/v1/users?_end=10&_start=0& HTTP/1.1" 404 151
::1 - - [10/Jul/2025:18:06:22 +0000] "GET /api/v1/users?_end=10&_start=0& HTTP/1.1" 404 151
::1 - - [10/Jul/2025:18:06:23 +0000] "GET /api/v1/users?_end=10&_start=0& HTTP/1.1" 404 151
::1 - - [10/Jul/2025:18:06:31 +0000] "GET /api/v1/properties?_end=4&_start=0& HTTP/1.1" - -
::1 - - [10/Jul/2025:18:06:31 +0000] "GET /api/v1/properties?_end=10&_start=0& HTTP/1.1" - -
::1 - - [10/Jul/2025:18:07:02 +0000] "GET /api/v1/properties?_end=10&_start=0& HTTP/1.1" 500 56
::1 - - [10/Jul/2025:18:07:22 +0000] "GET /api/v1/properties?_end=10&_start=0& HTTP/1.1" 500 56
::1 - - [10/Jul/2025:18:32:55 +0000] "GET /api/v1/properties?_end=10&_start=0& HTTP/1.1" 500 87
::1 - - [10/Jul/2025:18:33:05 +0000] "GET /api/v1/properties?_end=10&_start=0& HTTP/1.1" 500 87
::1 - - [10/Jul/2025:18:33:24 +0000] "GET /api/v1/properties?_end=4&_start=0& HTTP/1.1" 500 87
::1 - - [10/Jul/2025:18:33:34 +0000] "GET /api/v1/properties?_end=4&_start=0& HTTP/1.1" 500 87
::1 - - [10/Jul/2025:18:43:39 +0000] "GET /api/v1/properties?_end=4&_start=0& HTTP/1.1" 200 2
::1 - - [10/Jul/2025:18:43:39 +0000] "GET /api/v1/properties?_end=4&_start=0& HTTP/1.1" 304 -
::1 - - [10/Jul/2025:18:43:44 +0000] "GET /api/v1/properties?_end=10&_start=0& HTTP/1.1" 200 2
::1 - - [10/Jul/2025:18:43:44 +0000] "GET /api/v1/properties?_end=10&_start=0& HTTP/1.1" 304 -
::1 - - [10/Jul/2025:18:44:31 +0000] "GET /api/v1/properties?_end=4&_start=0& HTTP/1.1" 304 -
::1 - - [10/Jul/2025:18:44:31 +0000] "GET /api/v1/properties?_end=4&_start=0& HTTP/1.1" 304 -
::1 - - [10/Jul/2025:18:44:36 +0000] "GET /api/v1/users?_end=10&_start=0& HTTP/1.1" 404 151
::1 - - [10/Jul/2025:18:44:36 +0000] "GET /api/v1/users?_end=10&_start=0& HTTP/1.1" 404 151
::1 - - [10/Jul/2025:18:44:37 +0000] "GET /api/v1/users?_end=10&_start=0& HTTP/1.1" 404 151
::1 - - [10/Jul/2025:18:44:39 +0000] "GET /api/v1/users?_end=10&_start=0& HTTP/1.1" 404 151
::1 - - [10/Jul/2025:18:44:43 +0000] "GET /api/v1/users?_end=10&_start=0& HTTP/1.1" 404 151
::1 - - [10/Jul/2025:18:44:46 +0000] "GET /api/v1/properties?_end=4&_start=0& HTTP/1.1" 304 -
::1 - - [10/Jul/2025:18:44:46 +0000] "GET /api/v1/properties?_end=4&_start=0& HTTP/1.1" 304 -
::1 - - [10/Jul/2025:18:45:17 +0000] "GET /api/v1/users/undefined HTTP/1.1" 404 161
::1 - - [10/Jul/2025:18:45:17 +0000] "GET /api/v1/users/undefined HTTP/1.1" 404 161
::1 - - [10/Jul/2025:18:45:18 +0000] "GET /api/v1/users/undefined HTTP/1.1" 404 161
::1 - - [10/Jul/2025:18:45:21 +0000] "GET /api/v1/users/undefined HTTP/1.1" 404 161
::1 - - [10/Jul/2025:18:45:25 +0000] "GET /api/v1/users/undefined HTTP/1.1" 404 161
::1 - - [10/Jul/2025:18:45:37 +0000] "GET /api/v1/users/undefined HTTP/1.1" 404 161
::1 - - [10/Jul/2025:18:45:37 +0000] "GET /api/v1/users/undefined HTTP/1.1" 404 161
::1 - - [10/Jul/2025:18:45:38 +0000] "GET /api/v1/users/undefined HTTP/1.1" 404 161
::1 - - [10/Jul/2025:18:45:40 +0000] "GET /api/v1/users/undefined HTTP/1.1" 404 161
::1 - - [10/Jul/2025:18:45:44 +0000] "GET /api/v1/users/undefined HTTP/1.1" 404 161
::1 - - [10/Jul/2025:18:46:22 +0000] "GET /api/v1/properties?_end=10&_start=0& HTTP/1.1" 304 -
::1 - - [10/Jul/2025:18:46:22 +0000] "GET /api/v1/properties?_end=10&_start=0& HTTP/1.1" 304 -
::1 - - [10/Jul/2025:19:14:35 +0000] "GET /api/v1/properties?_end=4&_start=0& HTTP/1.1" - -
::1 - - [10/Jul/2025:19:19:35 +0000] "OPTIONS /api/v1/properties HTTP/1.1" 204 0
::1 - - [10/Jul/2025:19:21:42 +0000] "GET /api/v1/properties?_end=4&_start=0& HTTP/1.1" 500 56
::1 - - [10/Jul/2025:19:21:51 +0000] "GET /api/v1/properties?_end=10&_start=0& HTTP/1.1" 500 56
::1 - - [10/Jul/2025:19:22:02 +0000] "GET /api/v1/properties?_end=4&_start=0& HTTP/1.1" 500 56
::1 - - [10/Jul/2025:19:22:11 +0000] "GET /api/v1/properties?_end=10&_start=0& HTTP/1.1" 500 56
::1 - - [10/Jul/2025:19:22:12 +0000] "GET /api/v1/properties?_end=4&_start=0& HTTP/1.1" 500 56
::1 - - [10/Jul/2025:19:22:24 +0000] "GET /api/v1/properties?_end=4&_start=0& HTTP/1.1" 500 56
::1 - - [10/Jul/2025:19:26:28 +0000] "GET /api/v1/properties?_end=10&_start=0& HTTP/1.1" - -
::1 - - [10/Jul/2025:19:26:28 +0000] "GET /api/v1/properties?_end=4&_start=0& HTTP/1.1" - -
::1 - - [10/Jul/2025:19:26:58 +0000] "GET /api/v1/properties?_end=4&_start=0& HTTP/1.1" 500 55
::1 - - [10/Jul/2025:19:27:18 +0000] "GET /api/v1/properties?_end=4&_start=0& HTTP/1.1" 500 55
::1 - - [10/Jul/2025:19:27:27 +0000] "GET /api/v1/properties?_end=10&_start=0& HTTP/1.1" 500 55
::1 - - [10/Jul/2025:19:27:47 +0000] "GET /api/v1/properties?_end=10&_start=0& HTTP/1.1" 500 55
::1 - - [10/Jul/2025:19:28:18 +0000] "GET /api/v1/properties?_end=10&_start=0& HTTP/1.1" 500 55
::1 - - [10/Jul/2025:19:28:50 +0000] "GET /api/v1/properties?_end=10&_start=0& HTTP/1.1" 500 55
::1 - - [10/Jul/2025:19:29:24 +0000] "GET /api/v1/properties?_end=10&_start=0& HTTP/1.1" 500 55
::1 - - [10/Jul/2025:19:30:33 +0000] "GET / HTTP/1.1" 200 32
::1 - - [10/Jul/2025:19:30:39 +0000] "GET /api/v1/properties?_end=4&_start=0& HTTP/1.1" 200 2714
::1 - - [10/Jul/2025:19:30:42 +0000] "GET /api/v1/properties?_end=4&_start=0& HTTP/1.1" 200 2714
::1 - - [10/Jul/2025:19:30:51 +0000] "GET /api/v1/properties?_end=10&_start=0& HTTP/1.1" 200 2714
::1 - - [10/Jul/2025:19:30:51 +0000] "GET /api/v1/properties?_end=10&_start=0& HTTP/1.1" 304 -
::1 - - [10/Jul/2025:19:33:58 +0000] "OPTIONS /api/v1/properties HTTP/1.1" 204 0
::1 - - [10/Jul/2025:19:33:59 +0000] "POST /api/v1/properties HTTP/1.1" 500 322
::1 - - [10/Jul/2025:19:36:42 +0000] "OPTIONS /api/v1/properties HTTP/1.1" 204 0
::1 - - [10/Jul/2025:19:36:43 +0000] "POST /api/v1/properties HTTP/1.1" 200 43
::1 - - [10/Jul/2025:19:37:15 +0000] "GET /api/v1/properties?_end=10&_start=0& HTTP/1.1" 200 3719
::1 - - [10/Jul/2025:19:37:15 +0000] "GET /api/v1/properties?_end=10&_start=0& HTTP/1.1" 304 -
::1 - - [10/Jul/2025:19:38:25 +0000] "GET /api/v1/properties?_end=10&_start=0& HTTP/1.1" 200 3719
::1 - - [10/Jul/2025:19:38:25 +0000] "GET /api/v1/properties?_end=10&_start=0& HTTP/1.1" 304 -
::1 - - [10/Jul/2025:19:38:29 +0000] "GET /api/v1/users?_end=10&_start=0& HTTP/1.1" 404 151
::1 - - [10/Jul/2025:19:38:29 +0000] "GET /api/v1/users?_end=10&_start=0& HTTP/1.1" 404 151
::1 - - [10/Jul/2025:19:38:30 +0000] "GET /api/v1/users?_end=10&_start=0& HTTP/1.1" 404 151
::1 - - [10/Jul/2025:19:38:32 +0000] "GET /api/v1/users?_end=10&_start=0& HTTP/1.1" 404 151
::1 - - [10/Jul/2025:19:38:33 +0000] "GET /api/v1/users?_end=10&_start=0& HTTP/1.1" 404 151
::1 - - [10/Jul/2025:19:38:33 +0000] "GET /api/v1/users?_end=10&_start=0& HTTP/1.1" 404 151
::1 - - [10/Jul/2025:19:38:34 +0000] "GET /api/v1/users?_end=10&_start=0& HTTP/1.1" 404 151
::1 - - [10/Jul/2025:19:38:35 +0000] "GET /api/v1/users?_end=10&_start=0& HTTP/1.1" 404 151
::1 - - [10/Jul/2025:19:38:35 +0000] "GET /api/v1/users?_end=10&_start=0& HTTP/1.1" 404 151
::1 - - [10/Jul/2025:19:38:36 +0000] "GET /api/v1/users?_end=10&_start=0& HTTP/1.1" 404 151
::1 - - [10/Jul/2025:19:38:36 +0000] "GET /api/v1/users?_end=10&_start=0& HTTP/1.1" 404 151
::1 - - [10/Jul/2025:19:38:36 +0000] "GET /api/v1/users?_end=10&_start=0& HTTP/1.1" 404 151
::1 - - [10/Jul/2025:19:38:36 +0000] "GET /api/v1/users?_end=10&_start=0& HTTP/1.1" 404 151
::1 - - [10/Jul/2025:19:38:37 +0000] "GET /api/v1/users?_end=10&_start=0& HTTP/1.1" 404 151
::1 - - [10/Jul/2025:19:38:37 +0000] "GET /api/v1/users?_end=10&_start=0& HTTP/1.1" 404 151
::1 - - [10/Jul/2025:19:38:37 +0000] "GET /api/v1/users?_end=10&_start=0& HTTP/1.1" 404 151
::1 - - [10/Jul/2025:19:38:37 +0000] "GET /api/v1/users?_end=10&_start=0& HTTP/1.1" 404 151
::1 - - [10/Jul/2025:19:38:38 +0000] "GET /api/v1/users?_end=10&_start=0& HTTP/1.1" 404 151
::1 - - [10/Jul/2025:19:38:38 +0000] "GET /api/v1/users?_end=10&_start=0& HTTP/1.1" 404 151
::1 - - [10/Jul/2025:19:38:38 +0000] "GET /api/v1/users?_end=10&_start=0& HTTP/1.1" 404 151
::1 - - [10/Jul/2025:19:38:38 +0000] "GET /api/v1/users?_end=10&_start=0& HTTP/1.1" 404 151
::1 - - [10/Jul/2025:19:38:38 +0000] "GET /api/v1/users?_end=10&_start=0& HTTP/1.1" 404 151
::1 - - [10/Jul/2025:19:38:38 +0000] "GET /api/v1/users?_end=10&_start=0& HTTP/1.1" 404 151
::1 - - [10/Jul/2025:19:38:39 +0000] "GET /api/v1/users?_end=10&_start=0& HTTP/1.1" 404 151
::1 - - [10/Jul/2025:19:38:39 +0000] "GET /api/v1/users?_end=10&_start=0& HTTP/1.1" 404 151
::1 - - [10/Jul/2025:19:38:39 +0000] "GET /api/v1/users?_end=10&_start=0& HTTP/1.1" 404 151
::1 - - [10/Jul/2025:19:38:39 +0000] "GET /api/v1/users?_end=10&_start=0& HTTP/1.1" 404 151
::1 - - [10/Jul/2025:19:38:39 +0000] "GET /api/v1/users?_end=10&_start=0& HTTP/1.1" 404 151
::1 - - [10/Jul/2025:19:38:39 +0000] "GET /api/v1/users?_end=10&_start=0& HTTP/1.1" 404 151
::1 - - [10/Jul/2025:19:38:40 +0000] "GET /api/v1/users?_end=10&_start=0& HTTP/1.1" 404 151
::1 - - [10/Jul/2025:19:38:40 +0000] "GET /api/v1/users?_end=10&_start=0& HTTP/1.1" 404 151
::1 - - [10/Jul/2025:19:38:41 +0000] "GET /api/v1/users?_end=10&_start=0& HTTP/1.1" 404 151
::1 - - [10/Jul/2025:19:38:42 +0000] "GET /api/v1/properties?_end=10&_start=0& HTTP/1.1" 304 -
::1 - - [10/Jul/2025:19:38:42 +0000] "GET /api/v1/properties?_end=10&_start=0& HTTP/1.1" 304 -
::1 - - [10/Jul/2025:19:38:47 +0000] "GET /api/v1/properties?_end=4&_start=0& HTTP/1.1" 200 3719
::1 - - [10/Jul/2025:19:38:47 +0000] "GET /api/v1/properties?_end=4&_start=0& HTTP/1.1" 304 -
::1 - - [10/Jul/2025:20:59:02 +0000] "GET /api/v1/properties?_end=4&_start=0& HTTP/1.1" 500 87
::1 - - [10/Jul/2025:21:00:28 +0000] "GET /api/v1/properties?_end=4&_start=0& HTTP/1.1" 500 87
::1 - - [11/Jul/2025:01:17:59 +0000] "GET / HTTP/1.1" 200 32
::1 - - [14/Jul/2025:00:41:18 +0000] "GET /api/v1/properties?_end=10&_start=0& HTTP/1.1" 200 2714
::1 - - [14/Jul/2025:00:41:18 +0000] "GET /api/v1/properties?_end=10&_start=0& HTTP/1.1" 304 -
::1 - - [14/Jul/2025:00:41:24 +0000] "GET / HTTP/1.1" 304 -
::1 - - [14/Jul/2025:00:41:25 +0000] "GET / HTTP/1.1" 304 -
::1 - - [14/Jul/2025:00:44:52 +0000] "GET /api/v1/properties?_end=10&_start=0& HTTP/1.1" 200 2714
::1 - - [14/Jul/2025:00:44:52 +0000] "GET /api/v1/properties?_end=10&_start=0& HTTP/1.1" 304 -
::1 - - [14/Jul/2025:00:45:00 +0000] "GET /api/v1/properties?_end=10&_order=asc&_sort=price&_start=0& HTTP/1.1" 200 2714
::1 - - [14/Jul/2025:00:45:01 +0000] "GET /api/v1/properties?_end=10&_order=desc&_sort=price&_start=0& HTTP/1.1" 200 2714
::1 - - [14/Jul/2025:00:45:03 +0000] "GET /api/v1/properties?_end=10&_order=asc&_sort=price&_start=0& HTTP/1.1" 304 -
::1 - - [14/Jul/2025:00:45:04 +0000] "GET /api/v1/properties?_end=10&_order=desc&_sort=price&_start=0& HTTP/1.1" 304 -
::1 - - [14/Jul/2025:00:45:05 +0000] "GET /api/v1/properties?_end=10&_order=asc&_sort=price&_start=0& HTTP/1.1" 304 -
::1 - - [14/Jul/2025:00:45:06 +0000] "GET /api/v1/properties?_end=10&_order=desc&_sort=price&_start=0& HTTP/1.1" 304 -
::1 - - [14/Jul/2025:00:45:06 +0000] "GET /api/v1/properties?_end=10&_order=asc&_sort=price&_start=0& HTTP/1.1" 304 -
::1 - - [14/Jul/2025:00:45:07 +0000] "GET /api/v1/properties?_end=10&_order=desc&_sort=price&_start=0& HTTP/1.1" 304 -
::1 - - [14/Jul/2025:00:45:18 +0000] "GET /api/v1/properties?_end=20&_order=desc&_sort=price&_start=0& HTTP/1.1" 200 2714
::1 - - [14/Jul/2025:00:45:43 +0000] "GET / HTTP/1.1" 200 32
::1 - - [14/Jul/2025:00:46:01 +0000] "GET / HTTP/1.1" 304 -
::1 - - [14/Jul/2025:00:50:48 +0000] "GET /api/v1/properties?_end=20&_order=desc&_sort=price&_start=0& HTTP/1.1" 304 -
::1 - - [14/Jul/2025:01:08:13 +0000] "GET /api/v1/properties?_end=20&_order=desc&_sort=price&_start=0& HTTP/1.1" 304 -
::1 - - [14/Jul/2025:01:08:13 +0000] "GET /api/v1/properties?_end=20&_order=desc&_sort=price&_start=0& HTTP/1.1" 304 -
::1 - - [14/Jul/2025:01:36:35 +0000] "GET /api/v1/properties?_end=10&_start=0& HTTP/1.1" 304 -
::1 - - [14/Jul/2025:01:51:09 +0000] "GET /api/v1/properties?_end=20&_order=desc&_sort=price&_start=0& HTTP/1.1" - -
::1 - - [14/Jul/2025:01:51:09 +0000] "GET /api/v1/properties?_end=20&_order=desc&_sort=price&_start=0& HTTP/1.1" - -
::1 - - [14/Jul/2025:02:06:25 +0000] "GET /api/v1/properties?_end=20&_order=desc&_sort=price&_start=0& HTTP/1.1" - -
::1 - - [14/Jul/2025:02:06:25 +0000] "GET /api/v1/properties?_end=20&_order=desc&_sort=price&_start=0& HTTP/1.1" - -
::1 - - [14/Jul/2025:02:36:04 +0000] "GET /api/v1/properties?_end=10&_start=0& HTTP/1.1" 500 87
::1 - - [14/Jul/2025:10:41:01 +0000] "GET /api/v1/properties?_end=20&_order=desc&_sort=price&_start=0& HTTP/1.1" 200 2864
::1 - - [14/Jul/2025:10:41:01 +0000] "GET /api/v1/properties?_end=20&_order=desc&_sort=price&_start=0& HTTP/1.1" 304 -
::1 - - [14/Jul/2025:10:56:59 +0000] "GET /api/v1/pages/homepage HTTP/1.1" 500 71
::1 - - [14/Jul/2025:10:57:34 +0000] "GET /api/v1/pages/homepage HTTP/1.1" 500 71
::1 - - [14/Jul/2025:11:07:40 +0000] "GET /api/v1/pages/homepage HTTP/1.1" 500 71
::1 - - [14/Jul/2025:11:08:00 +0000] "GET /api/v1/pages/homepage HTTP/1.1" 500 71
::1 - - [14/Jul/2025:11:08:09 +0000] "GET /api/v1/pages/homepage HTTP/1.1" 500 71
::1 - - [14/Jul/2025:11:10:24 +0000] "GET /api/v1/pages/homepage HTTP/1.1" 200 2356
::1 - - [15/Jul/2025:15:25:22 +0000] "GET /api/v1/pages/homepage HTTP/1.1" 200 1733
::1 - - [15/Jul/2025:15:25:47 +0000] "GET /api/v1/properties?_end=10&_start=0& HTTP/1.1" 200 2864
::1 - - [15/Jul/2025:15:25:47 +0000] "GET /api/v1/properties?_end=10&_start=0& HTTP/1.1" 304 -
::1 - - [15/Jul/2025:15:31:20 +0000] "GET /api/v1/pages/homepage HTTP/1.1" 304 -
::1 - - [15/Jul/2025:15:31:20 +0000] "GET /api/v1/pages/homepage HTTP/1.1" 304 -
::1 - - [15/Jul/2025:15:31:31 +0000] "GET /api/v1/pages/homepage HTTP/1.1" 304 -
::1 - - [15/Jul/2025:15:31:44 +0000] "GET /api/v1/pages/homepage HTTP/1.1" 304 -
::1 - - [15/Jul/2025:15:32:00 +0000] "GET /api/v1/pages/homepage HTTP/1.1" 304 -
::1 - - [15/Jul/2025:15:32:00 +0000] "GET /api/v1/pages/homepage HTTP/1.1" 304 -
::1 - - [15/Jul/2025:15:32:57 +0000] "GET /api/v1/pages/homepage HTTP/1.1" 304 -
::1 - - [15/Jul/2025:15:33:23 +0000] "GET /api/v1/pages/homepage HTTP/1.1" 200 1733
::1 - - [15/Jul/2025:15:33:42 +0000] "GET /api/v1/pages/homepage HTTP/1.1" 304 -
::1 - - [15/Jul/2025:15:41:49 +0000] "GET /api/v1/pages/homepage HTTP/1.1" 304 -
::1 - - [15/Jul/2025:15:41:49 +0000] "GET /api/v1/pages/homepage HTTP/1.1" 304 -
::1 - - [15/Jul/2025:15:41:56 +0000] "GET /api/v1/pages/homepage HTTP/1.1" 304 -
::1 - - [15/Jul/2025:15:43:07 +0000] "GET /api/v1/pages/homepage HTTP/1.1" 304 -
::1 - - [15/Jul/2025:15:43:07 +0000] "GET /api/v1/pages/homepage HTTP/1.1" 304 -
::1 - - [15/Jul/2025:15:43:07 +0000] "GET /api/v1/pages/homepage HTTP/1.1" 304 -
::1 - - [15/Jul/2025:15:47:45 +0000] "GET /api/v1/pages/homepage HTTP/1.1" 304 -
::1 - - [15/Jul/2025:15:55:30 +0000] "GET /api/v1/pages/homepage HTTP/1.1" 304 -
::1 - - [15/Jul/2025:15:55:30 +0000] "GET /api/v1/pages/homepage HTTP/1.1" 304 -
::1 - - [15/Jul/2025:15:55:34 +0000] "GET /api/v1/pages/homepage HTTP/1.1" 304 -
::1 - - [15/Jul/2025:16:42:47 +0000] "GET /api/v1/pages/homepage HTTP/1.1" 304 -
::1 - - [15/Jul/2025:16:42:48 +0000] "GET /api/v1/pages/homepage HTTP/1.1" 304 -
::1 - - [15/Jul/2025:16:42:51 +0000] "GET /api/v1/pages/homepage HTTP/1.1" 304 -
::1 - - [15/Jul/2025:16:43:08 +0000] "GET /api/v1/pages/homepage HTTP/1.1" 304 -
::1 - - [15/Jul/2025:16:49:39 +0000] "GET /api/v1/pages/homepage HTTP/1.1" 304 -
::1 - - [15/Jul/2025:16:49:39 +0000] "GET /api/v1/pages/homepage HTTP/1.1" 304 -
::1 - - [15/Jul/2025:16:49:42 +0000] "GET /api/v1/pages/homepage HTTP/1.1" 304 -
::1 - - [15/Jul/2025:16:49:45 +0000] "GET /api/v1/pages/homepage HTTP/1.1" 304 -
::1 - - [15/Jul/2025:16:49:46 +0000] "GET /api/v1/pages/homepage HTTP/1.1" 304 -
::1 - - [15/Jul/2025:16:49:49 +0000] "GET /api/v1/pages/homepage HTTP/1.1" 304 -
::1 - - [15/Jul/2025:17:02:32 +0000] "GET /api/v1/pages/homepage HTTP/1.1" 304 -
::1 - - [15/Jul/2025:17:02:54 +0000] "GET /api/v1/pages/homepage HTTP/1.1" 304 -
::1 - - [15/Jul/2025:22:04:58 +0000] "GET /api/v1/pages/homepage HTTP/1.1" 304 -
::1 - - [15/Jul/2025:22:05:15 +0000] "GET /api/v1/pages/homepage HTTP/1.1" 304 -
::1 - - [15/Jul/2025:22:14:46 +0000] "GET /api/v1/pages/homepage HTTP/1.1" 304 -
::1 - - [15/Jul/2025:22:14:46 +0000] "GET /api/v1/pages/homepage HTTP/1.1" 304 -
::1 - - [15/Jul/2025:23:47:40 +0000] "GET /api/v1/properties?_end=10&_start=0& HTTP/1.1" 200 2
::1 - - [15/Jul/2025:23:47:40 +0000] "GET /api/v1/properties?_end=10&_start=0& HTTP/1.1" 304 -
::1 - - [16/Jul/2025:00:12:58 +0000] "GET /api/v1/pages/homepage HTTP/1.1" 200 3460
::1 - - [16/Jul/2025:00:18:43 +0000] "GET /api/v1/pages/homepage HTTP/1.1" 304 -
::1 - - [16/Jul/2025:00:20:50 +0000] "GET /api/v1/pages/homepage HTTP/1.1" 200 3502
::1 - - [16/Jul/2025:00:20:59 +0000] "GET /api/v1/pages/homepage HTTP/1.1" 304 -
::1 - - [16/Jul/2025:00:22:18 +0000] "GET /api/v1/pages/homepage HTTP/1.1" 304 -
::1 - - [16/Jul/2025:00:22:18 +0000] "GET /api/v1/pages/homepage HTTP/1.1" 304 -
::1 - - [16/Jul/2025:00:25:43 +0000] "GET /api/v1/pages/homepage HTTP/1.1" 200 3714
::1 - - [16/Jul/2025:00:26:20 +0000] "GET /api/v1/pages/homepage HTTP/1.1" 304 -
::1 - - [16/Jul/2025:00:29:34 +0000] "GET /api/v1/pages/homepage HTTP/1.1" 304 -
::1 - - [16/Jul/2025:00:37:07 +0000] "GET /api/v1/pages/homepage HTTP/1.1" 304 -
::1 - - [16/Jul/2025:00:37:31 +0000] "GET /api/v1/pages/homepage HTTP/1.1" 304 -
::1 - - [16/Jul/2025:00:37:37 +0000] "GET /api/v1/pages/homepage HTTP/1.1" 304 -
::1 - - [16/Jul/2025:00:37:37 +0000] "GET /api/v1/pages/homepage HTTP/1.1" 304 -
::1 - - [16/Jul/2025:00:40:06 +0000] "GET /api/v1/pages/homepage HTTP/1.1" 304 -
::1 - - [16/Jul/2025:00:45:34 +0000] "GET /api/v1/pages/homepage HTTP/1.1" 304 -
::1 - - [16/Jul/2025:00:45:47 +0000] "GET /api/v1/pages/homepage HTTP/1.1" 304 -
::1 - - [16/Jul/2025:01:02:58 +0000] "GET /api/v1/pages/homepage HTTP/1.1" 304 -
::1 - - [16/Jul/2025:01:05:05 +0000] "GET /api/v1/pages/homepage HTTP/1.1" 304 -
::1 - - [16/Jul/2025:01:07:56 +0000] "GET /api/v1/pages/homepage HTTP/1.1" 200 4519
::1 - - [16/Jul/2025:01:08:11 +0000] "GET /api/v1/pages/homepage HTTP/1.1" 304 -
::1 - - [16/Jul/2025:01:36:15 +0000] "GET /api/v1/pages/homepage HTTP/1.1" 304 -
::1 - - [16/Jul/2025:01:36:20 +0000] "GET /api/v1/pages/homepage HTTP/1.1" 304 -
::1 - - [16/Jul/2025:01:36:31 +0000] "GET /api/v1/pages/homepage HTTP/1.1" 304 -
::1 - - [16/Jul/2025:01:36:38 +0000] "GET /api/v1/pages/homepage HTTP/1.1" 304 -
::1 - - [16/Jul/2025:01:36:38 +0000] "GET /api/v1/pages/homepage HTTP/1.1" 304 -
::1 - - [17/Jul/2025:02:14:11 +0000] "GET /api/v1/properties?_end=10&_start=0& HTTP/1.1" 200 4698
::1 - - [17/Jul/2025:02:14:11 +0000] "GET /api/v1/properties?_end=10&_start=0& HTTP/1.1" 304 -
::1 - - [17/Jul/2025:02:14:47 +0000] "GET /api/v1/pages/homepage HTTP/1.1" 200 4519
::1 - - [17/Jul/2025:02:14:48 +0000] "GET /api/v1/pages/homepage HTTP/1.1" 200 4519
::1 - - [17/Jul/2025:02:14:53 +0000] "GET /api/v1/pages/homepage HTTP/1.1" 304 -
::1 - - [17/Jul/2025:02:16:57 +0000] "GET /api/v1/pages/homepage HTTP/1.1" 304 -
::1 - - [17/Jul/2025:02:16:57 +0000] "GET /api/v1/pages/homepage HTTP/1.1" 304 -
::1 - - [17/Jul/2025:02:17:28 +0000] "GET /api/v1/pages/homepage HTTP/1.1" 304 -
::1 - - [17/Jul/2025:02:17:28 +0000] "GET /api/v1/pages/homepage HTTP/1.1" 304 -
::1 - - [17/Jul/2025:02:18:59 +0000] "GET /api/v1/pages/homepage HTTP/1.1" 304 -
::1 - - [17/Jul/2025:02:20:50 +0000] "GET /api/v1/pages/homepage HTTP/1.1" 304 -
::1 - - [17/Jul/2025:18:03:57 +0000] "GET /api/v1/properties?_end=10&_start=0& HTTP/1.1" 304 -
::1 - - [17/Jul/2025:18:31:28 +0000] "GET /api/v1/pages/homepage HTTP/1.1" 304 -
::1 - - [17/Jul/2025:18:31:28 +0000] "GET /api/v1/pages/homepage HTTP/1.1" 304 -
::1 - - [17/Jul/2025:18:44:45 +0000] "GET /api/v1/pages/homepage HTTP/1.1" 304 -
::1 - - [17/Jul/2025:18:44:45 +0000] "GET /api/v1/pages/homepage HTTP/1.1" 304 -
::1 - - [17/Jul/2025:18:53:55 +0000] "GET /api/v1/pages/homepage HTTP/1.1" 304 -
::1 - - [17/Jul/2025:18:53:55 +0000] "GET /api/v1/pages/homepage HTTP/1.1" 304 -
::1 - - [17/Jul/2025:18:54:07 +0000] "GET /api/v1/pages/homepage HTTP/1.1" 304 -
::1 - - [17/Jul/2025:18:54:21 +0000] "GET /api/v1/pages/homepage HTTP/1.1" 304 -
::1 - - [17/Jul/2025:18:54:21 +0000] "GET /api/v1/pages/homepage HTTP/1.1" 304 -
::1 - - [17/Jul/2025:18:55:19 +0000] "GET /api/v1/pages/homepage HTTP/1.1" 304 -
::1 - - [17/Jul/2025:18:55:20 +0000] "GET /api/v1/pages/homepage HTTP/1.1" 304 -
::1 - - [17/Jul/2025:18:55:37 +0000] "GET /api/v1/pages/homepage HTTP/1.1" 304 -
::1 - - [17/Jul/2025:18:55:37 +0000] "GET /api/v1/pages/homepage HTTP/1.1" 304 -
::1 - - [17/Jul/2025:18:55:57 +0000] "GET /api/v1/pages/homepage HTTP/1.1" 304 -
::1 - - [17/Jul/2025:19:53:01 +0000] "GET /api/v1/properties?_end=10&_start=0& HTTP/1.1" 304 -
::1 - - [17/Jul/2025:22:00:26 +0000] "GET /api/v1/properties?_end=10&_start=0& HTTP/1.1" 304 -
::1 - - [17/Jul/2025:23:44:55 +0000] "GET /api/v1/properties?_end=4&_start=0& HTTP/1.1" 200 4698
::1 - - [18/Jul/2025:00:08:25 +0000] "GET /api/v1/pages/homepage HTTP/1.1" 304 -
::1 - - [18/Jul/2025:00:08:25 +0000] "GET /api/v1/pages/homepage HTTP/1.1" 304 -
::1 - - [18/Jul/2025:01:03:10 +0000] "GET /api/v1/properties?_end=4&_start=0& HTTP/1.1" 200 4698
::1 - - [18/Jul/2025:01:03:59 +0000] "GET /api/v1/properties/6879975b27bb969cdc99af01 HTTP/1.1" 200 1303
::1 - - [18/Jul/2025:01:09:40 +0000] "GET /api/v1/properties?_end=4&_start=0& HTTP/1.1" 200 4698
::1 - - [18/Jul/2025:01:10:32 +0000] "GET /api/v1/properties/68799eaa58fe33e80d9d5993 HTTP/1.1" 200 1497
::1 - - [18/Jul/2025:01:12:50 +0000] "GET /api/v1/pages/homepage HTTP/1.1" - -
::1 - - [18/Jul/2025:01:13:01 +0000] "GET /api/v1/pages/homepage HTTP/1.1" 500 71
::1 - - [18/Jul/2025:01:16:45 +0000] "GET /api/v1/pages/homepage HTTP/1.1" 200 4519
::1 - - [18/Jul/2025:01:49:27 +0000] "GET /api/v1/pages/homepage HTTP/1.1" 304 -
::1 - - [18/Jul/2025:01:49:30 +0000] "GET /api/v1/properties/68799fdf6c9711edc65f0d12 HTTP/1.1" 200 1497
::1 - - [18/Jul/2025:01:49:30 +0000] "GET /api/v1/properties/68799fdf6c9711edc65f0d12 HTTP/1.1" 200 1497
::1 - - [18/Jul/2025:01:51:54 +0000] "GET /api/v1/properties/68799fdf6c9711edc65f0d12 HTTP/1.1" 200 1497
::1 - - [18/Jul/2025:01:51:54 +0000] "GET /api/v1/properties/68799fdf6c9711edc65f0d12 HTTP/1.1" 200 1497
::1 - - [18/Jul/2025:02:00:16 +0000] "GET /api/v1/properties/68799fdf6c9711edc65f0d12 HTTP/1.1" 200 1497
::1 - - [18/Jul/2025:02:00:16 +0000] "GET /api/v1/properties/68799fdf6c9711edc65f0d12 HTTP/1.1" 200 1497
::1 - - [18/Jul/2025:02:00:17 +0000] "GET /api/v1/properties/68799fdf6c9711edc65f0d12 HTTP/1.1" 200 1497
::1 - - [18/Jul/2025:02:00:17 +0000] "GET /api/v1/properties/68799fdf6c9711edc65f0d12 HTTP/1.1" 200 1497
::1 - - [18/Jul/2025:02:22:36 +0000] "GET /api/v1/properties/68799fdf6c9711edc65f0d12 HTTP/1.1" 200 1497
::1 - - [18/Jul/2025:02:24:53 +0000] "GET /api/v1/properties/68799fdf6c9711edc65f0d12 HTTP/1.1" 200 1497
::1 - - [18/Jul/2025:02:25:12 +0000] "GET /api/v1/properties/68799fdf6c9711edc65f0d12 HTTP/1.1" 200 1497
::1 - - [18/Jul/2025:02:26:00 +0000] "GET /api/v1/properties/68799fdf6c9711edc65f0d12 HTTP/1.1" 200 1497
::1 - - [18/Jul/2025:02:26:10 +0000] "GET /api/v1/properties/68799fdf6c9711edc65f0d12 HTTP/1.1" 200 1497
::1 - - [18/Jul/2025:02:26:13 +0000] "GET /api/v1/properties/68799fdf6c9711edc65f0d12 HTTP/1.1" 200 1497
::1 - - [18/Jul/2025:02:26:37 +0000] "GET /api/v1/pages/homepage HTTP/1.1" 304 -
::1 - - [18/Jul/2025:02:26:37 +0000] "GET /api/v1/pages/homepage HTTP/1.1" 304 -
::1 - - [18/Jul/2025:02:26:40 +0000] "GET /api/v1/properties/68799fdf6c9711edc65f0d14 HTTP/1.1" 200 1465
::1 - - [18/Jul/2025:02:26:55 +0000] "GET /api/v1/properties/68799fdf6c9711edc65f0d14 HTTP/1.1" 200 1465
::1 - - [18/Jul/2025:02:28:13 +0000] "GET /api/v1/properties/68799fdf6c9711edc65f0d14 HTTP/1.1" 200 1465
::1 - - [18/Jul/2025:02:39:53 +0000] "GET /api/v1/properties/68799fdf6c9711edc65f0d14 HTTP/1.1" 200 1465
::1 - - [18/Jul/2025:02:40:52 +0000] "GET /api/v1/properties/68799fdf6c9711edc65f0d14 HTTP/1.1" 200 1465
::1 - - [18/Jul/2025:02:41:04 +0000] "GET /api/v1/properties/68799fdf6c9711edc65f0d14 HTTP/1.1" 200 1465
::1 - - [18/Jul/2025:02:41:52 +0000] "GET /api/v1/properties/68799fdf6c9711edc65f0d14 HTTP/1.1" 200 1465
::1 - - [18/Jul/2025:02:42:13 +0000] "GET /api/v1/properties/68799fdf6c9711edc65f0d14 HTTP/1.1" 200 1465
::1 - - [18/Jul/2025:02:42:46 +0000] "GET /api/v1/properties/68799fdf6c9711edc65f0d14 HTTP/1.1" 200 1465
::1 - - [18/Jul/2025:02:44:18 +0000] "GET /api/v1/properties/68799fdf6c9711edc65f0d14 HTTP/1.1" 200 1465
::1 - - [18/Jul/2025:02:46:55 +0000] "GET /api/v1/properties/68799fdf6c9711edc65f0d14 HTTP/1.1" 200 1465
::1 - - [18/Jul/2025:02:48:35 +0000] "GET /api/v1/properties/68799fdf6c9711edc65f0d14 HTTP/1.1" 200 1465
::1 - - [18/Jul/2025:02:50:25 +0000] "GET /api/v1/properties/68799fdf6c9711edc65f0d14 HTTP/1.1" 200 1465
::1 - - [18/Jul/2025:02:50:42 +0000] "GET /api/v1/pages/homepage HTTP/1.1" 304 -
::1 - - [18/Jul/2025:02:50:42 +0000] "GET /api/v1/pages/homepage HTTP/1.1" 304 -
::1 - - [18/Jul/2025:02:50:46 +0000] "GET /api/v1/properties/68799fdf6c9711edc65f0d0f HTTP/1.1" 200 1660
::1 - - [18/Jul/2025:02:51:07 +0000] "GET /api/v1/properties/68799fdf6c9711edc65f0d0f HTTP/1.1" 200 1660
::1 - - [18/Jul/2025:02:51:50 +0000] "GET /api/v1/properties/68799fdf6c9711edc65f0d0f HTTP/1.1" 200 1660
::1 - - [18/Jul/2025:02:52:02 +0000] "GET /api/v1/properties/68799fdf6c9711edc65f0d0f HTTP/1.1" 200 1660
::1 - - [18/Jul/2025:02:52:02 +0000] "GET /favicon.ico HTTP/1.1" 404 150
::1 - - [18/Jul/2025:02:54:12 +0000] "GET /api/v1/properties/68799fdf6c9711edc65f0d0f HTTP/1.1" 200 1660
::1 - - [18/Jul/2025:02:54:19 +0000] "GET /api/v1/properties/68799fdf6c9711edc65f0d0f HTTP/1.1" 200 1660
::1 - - [18/Jul/2025:02:54:32 +0000] "GET /api/v1/properties/68799fdf6c9711edc65f0d0f HTTP/1.1" 200 1660
::1 - - [18/Jul/2025:02:55:47 +0000] "GET /api/v1/properties/68799fdf6c9711edc65f0d0f HTTP/1.1" 200 1660
::1 - - [18/Jul/2025:02:56:06 +0000] "GET /api/v1/properties/68799fdf6c9711edc65f0d0f HTTP/1.1" 200 1660
::1 - - [18/Jul/2025:02:59:32 +0000] "GET /api/v1/properties/68799fdf6c9711edc65f0d14 HTTP/1.1" 200 1489
::1 - - [18/Jul/2025:03:00:17 +0000] "GET /api/v1/properties/68799fdf6c9711edc65f0d0f HTTP/1.1" 200 1684
::1 - - [18/Jul/2025:03:06:53 +0000] "GET /api/v1/pages/homepage HTTP/1.1" 304 -
::1 - - [18/Jul/2025:03:06:54 +0000] "GET /api/v1/pages/homepage HTTP/1.1" 304 -
::1 - - [18/Jul/2025:03:06:57 +0000] "GET /api/v1/properties/68799fdf6c9711edc65f0d12 HTTP/1.1" 200 1521
::1 - - [18/Jul/2025:03:07:01 +0000] "GET /api/v1/pages/homepage HTTP/1.1" 304 -
::1 - - [18/Jul/2025:03:07:01 +0000] "GET /api/v1/pages/homepage HTTP/1.1" 304 -
::1 - - [18/Jul/2025:03:07:03 +0000] "GET /api/v1/properties/68799fdf6c9711edc65f0d16 HTTP/1.1" 200 1679
::1 - - [18/Jul/2025:03:11:22 +0000] "GET /api/v1/pages/homepage HTTP/1.1" 304 -
::1 - - [18/Jul/2025:03:11:22 +0000] "GET /api/v1/pages/homepage HTTP/1.1" 304 -
::1 - - [18/Jul/2025:03:11:27 +0000] "GET /api/v1/properties/68799fdf6c9711edc65f0d14 HTTP/1.1" 200 1489
::1 - - [18/Jul/2025:03:11:48 +0000] "GET /api/v1/pages/homepage HTTP/1.1" 304 -
::1 - - [18/Jul/2025:03:11:48 +0000] "GET /api/v1/pages/homepage HTTP/1.1" 304 -
::1 - - [18/Jul/2025:03:11:52 +0000] "GET /api/v1/properties/68799fdf6c9711edc65f0d12 HTTP/1.1" 200 1521
::1 - - [18/Jul/2025:12:44:50 +0000] "GET /api/v1/properties/68799fdf6c9711edc65f0d14 HTTP/1.1" 200 32
::1 - - [18/Jul/2025:12:44:57 +0000] "GET /api/v1/properties/68799fdf6c9711edc65f0d14 HTTP/1.1" 200 32
::1 - - [18/Jul/2025:12:44:59 +0000] "GET /api/v1/properties/68799fdf6c9711edc65f0d14 HTTP/1.1" 200 32
::1 - - [18/Jul/2025:12:45:00 +0000] "GET /api/v1/properties/68799fdf6c9711edc65f0d14 HTTP/1.1" 200 32
::1 - - [18/Jul/2025:12:45:15 +0000] "GET /api/v1/properties/68799fdf6c9711edc65f0d14 HTTP/1.1" 200 32
::1 - - [18/Jul/2025:12:45:16 +0000] "GET /api/v1/properties/68799fdf6c9711edc65f0d14 HTTP/1.1" 200 32
::1 - - [18/Jul/2025:12:45:27 +0000] "GET /api/v1/properties/68799fdf6c9711edc65f0d14 HTTP/1.1" 200 4698
::1 - - [18/Jul/2025:12:45:38 +0000] "GET / HTTP/1.1" 200 32
::1 - - [18/Jul/2025:12:45:44 +0000] "GET /api/v1/properties?_end=4&_start=0& HTTP/1.1" 200 4698
::1 - - [18/Jul/2025:12:45:51 +0000] "GET /api/v1/properties/68799fdf6c9711edc65f0d14 HTTP/1.1" 200 4698
::1 - - [18/Jul/2025:12:46:25 +0000] "GET /api/v1/properties/68799fdf6c9711edc65f0d14 HTTP/1.1" 200 4698
::1 - - [18/Jul/2025:12:46:37 +0000] "GET /api/v1/properties/68799fdf6c9711edc65f0d14 HTTP/1.1" 200 4698
::1 - - [18/Jul/2025:12:46:59 +0000] "GET /api/v1/properties/68799fdf6c9711edc65f0d14 HTTP/1.1" 404 32
::1 - - [18/Jul/2025:12:47:02 +0000] "GET /api/v1/properties/68799fdf6c9711edc65f0d14 HTTP/1.1" 404 32
::1 - - [18/Jul/2025:12:47:11 +0000] "GET /api/v1/properties?_end=4&_start=0& HTTP/1.1" 200 4698
::1 - - [18/Jul/2025:12:47:23 +0000] "GET /api/v1/properties/687a34d112dc7bd8d85c390a HTTP/1.1" 200 1489
::1 - - [18/Jul/2025:12:48:57 +0000] "GET /api/v1/admins HTTP/1.1" 200 230
::1 - - [18/Jul/2025:12:49:11 +0000] "GET /api/v1/admins/687a34d112dc7bd8d85c3902 HTTP/1.1" 404 177
::1 - - [18/Jul/2025:12:49:28 +0000] "GET /api/v1/admin/687a34d112dc7bd8d85c3902 HTTP/1.1" 404 176
::1 - - [18/Jul/2025:12:49:55 +0000] "GET /api/v1/admins/ HTTP/1.1" 200 230
::1 - - [18/Jul/2025:12:51:25 +0000] "GET /api/v1/admin/687a34d112dc7bd8d85c3902 HTTP/1.1" 404 176
::1 - - [18/Jul/2025:12:52:23 +0000] "GET /api/v1/properties/687a34d112dc7bd8d85c390a HTTP/1.1" 200 1489
::1 - - [18/Jul/2025:12:52:50 +0000] "GET /api/v1/admin/687a34d112dc7bd8d85c3902 HTTP/1.1" 404 176
::1 - - [18/Jul/2025:12:52:52 +0000] "GET /api/v1/admin/687a34d112dc7bd8d85c3902 HTTP/1.1" 404 176
::1 - - [18/Jul/2025:12:53:10 +0000] "GET /api/v1/admins/687a34d112dc7bd8d85c3902 HTTP/1.1" 200 228
::1 - - [18/Jul/2025:12:55:02 +0000] "GET / HTTP/1.1" 200 32
::1 - - [18/Jul/2025:12:55:05 +0000] "GET / HTTP/1.1" 200 32
::1 - - [18/Jul/2025:12:55:09 +0000] "GET /jkjadkss HTTP/1.1" 404 280
::1 - - [18/Jul/2025:12:55:26 +0000] "GET /home HTTP/1.1" 404 280
::1 - - [18/Jul/2025:12:55:28 +0000] "GET /home HTTP/1.1" 404 280
::1 - - [18/Jul/2025:12:55:35 +0000] "GET / HTTP/1.1" 200 32
::1 - - [18/Jul/2025:12:59:24 +0000] "GET /api/v1/pages/homepage HTTP/1.1" 200 4519
::1 - - [18/Jul/2025:13:00:33 +0000] "GET /api/v1/properties/687a34d112dc7bd8d85c390a HTTP/1.1" 200 1489
::1 - - [18/Jul/2025:13:00:55 +0000] "GET /api/v1/pages/homepage HTTP/1.1" 304 -
::1 - - [18/Jul/2025:13:00:55 +0000] "GET /api/v1/pages/homepage HTTP/1.1" 304 -
::1 - - [18/Jul/2025:13:01:42 +0000] "GET /api/v1/pages/homepage HTTP/1.1" 304 -
::1 - - [18/Jul/2025:13:01:42 +0000] "GET /api/v1/pages/homepage HTTP/1.1" 304 -
::1 - - [18/Jul/2025:13:02:05 +0000] "GET /api/v1/properties/687a34d112dc7bd8d85c3908 HTTP/1.1" 200 1521
::1 - - [18/Jul/2025:13:04:40 +0000] "GET /api/v1/pages/homepage HTTP/1.1" 304 -
::1 - - [18/Jul/2025:13:04:40 +0000] "GET /api/v1/pages/homepage HTTP/1.1" 304 -
::1 - - [18/Jul/2025:13:04:44 +0000] "GET /api/v1/pages/homepage HTTP/1.1" 304 -
::1 - - [18/Jul/2025:13:04:44 +0000] "GET /api/v1/pages/homepage HTTP/1.1" 304 -
::1 - - [18/Jul/2025:13:04:50 +0000] "GET /api/v1/properties/687a34d112dc7bd8d85c390a HTTP/1.1" 200 1489
::1 - - [18/Jul/2025:13:04:52 +0000] "GET /api/v1/properties/4 HTTP/1.1" 500 667
::1 - - [18/Jul/2025:13:05:27 +0000] "GET /api/v1/pages/homepage HTTP/1.1" 304 -
::1 - - [18/Jul/2025:13:05:27 +0000] "GET /api/v1/pages/homepage HTTP/1.1" 304 -
::1 - - [18/Jul/2025:15:37:58 +0000] "GET /api/v1/properties/687a34d112dc7bd8d85c390c HTTP/1.1" 500 1339
::1 - - [18/Jul/2025:15:38:06 +0000] "GET /api/v1/properties/687a34d112dc7bd8d85c3908 HTTP/1.1" 500 1339
::1 - - [18/Jul/2025:15:38:10 +0000] "GET /api/v1/pages/homepage HTTP/1.1" - -
::1 - - [18/Jul/2025:15:38:19 +0000] "GET /api/v1/properties/687a34d112dc7bd8d85c390a HTTP/1.1" 500 1339
::1 - - [18/Jul/2025:15:38:20 +0000] "GET /api/v1/properties/687a34d112dc7bd8d85c390a HTTP/1.1" 500 1339
::1 - - [18/Jul/2025:15:38:21 +0000] "GET /api/v1/properties/687a34d112dc7bd8d85c390a HTTP/1.1" 500 1339
::1 - - [18/Jul/2025:15:38:23 +0000] "GET /api/v1/properties/687a34d112dc7bd8d85c390a HTTP/1.1" 500 1339
::1 - - [18/Jul/2025:15:50:18 +0000] "GET /api/v1/pages/homepage HTTP/1.1" 200 4519
::1 - - [18/Jul/2025:15:50:25 +0000] "GET /api/v1/pages/homepage HTTP/1.1" 304 -
::1 - - [18/Jul/2025:15:50:28 +0000] "GET /api/v1/properties/687a6d17b08285f1b2e38e28 HTTP/1.1" 200 1521
::1 - - [18/Jul/2025:15:50:35 +0000] "GET /api/v1/properties/2 HTTP/1.1" 500 667
::1 - - [18/Jul/2025:15:50:39 +0000] "GET /api/v1/pages/homepage HTTP/1.1" 304 -
::1 - - [18/Jul/2025:15:50:39 +0000] "GET /api/v1/pages/homepage HTTP/1.1" 304 -
::1 - - [18/Jul/2025:15:50:44 +0000] "GET /api/v1/properties/687a6d17b08285f1b2e38e2a HTTP/1.1" 200 1489
::1 - - [18/Jul/2025:15:50:53 +0000] "GET /api/v1/pages/homepage HTTP/1.1" 304 -
::1 - - [18/Jul/2025:15:50:53 +0000] "GET /api/v1/pages/homepage HTTP/1.1" 304 -
::1 - - [18/Jul/2025:15:51:04 +0000] "GET /api/v1/properties?_end=10&_start=0& HTTP/1.1" 200 4698
::1 - - [18/Jul/2025:15:59:38 +0000] "GET /api/v1/pages/homepage HTTP/1.1" 200 4519
::1 - - [18/Jul/2025:16:03:52 +0000] "GET /api/v1/pages/homepage HTTP/1.1" 304 -
::1 - - [18/Jul/2025:16:05:07 +0000] "GET /api/v1/properties?_end=4&_start=0& HTTP/1.1" 200 4866
::1 - - [18/Jul/2025:16:05:51 +0000] "GET /api/v1/pages/homepage HTTP/1.1" 304 -
::1 - - [18/Jul/2025:16:16:29 +0000] "GET /api/v1/homePage HTTP/1.1" 404 154
::1 - - [18/Jul/2025:16:18:18 +0000] "GET /api/v1/pages/homepage HTTP/1.1" 200 4519
::1 - - [18/Jul/2025:16:19:18 +0000] "GET /api/v1/pages/homepage HTTP/1.1" 200 4774
::1 - - [18/Jul/2025:16:19:29 +0000] "GET /api/v1/pages/homepage HTTP/1.1" 200 4774
::1 - - [18/Jul/2025:16:20:04 +0000] "GET /api/v1/properties/687a6d17b08285f1b2e38e2a HTTP/1.1" 404 32
::1 - - [18/Jul/2025:16:20:06 +0000] "GET /api/v1/pages/homepage HTTP/1.1" 200 5029
::1 - - [18/Jul/2025:16:20:06 +0000] "GET /api/v1/pages/homepage HTTP/1.1" 304 -
::1 - - [18/Jul/2025:16:21:55 +0000] "GET /api/v1/pages/homepage HTTP/1.1" 200 5029
::1 - - [18/Jul/2025:16:23:02 +0000] "GET /api/v1/properties/687a6f4f8c7e8cf2708d2d70 HTTP/1.1" 200 1563
::1 - - [18/Jul/2025:16:23:18 +0000] "GET /api/v1/pages/homepage HTTP/1.1" 304 -
::1 - - [18/Jul/2025:16:23:18 +0000] "GET /api/v1/pages/homepage HTTP/1.1" 304 -
::1 - - [18/Jul/2025:16:23:31 +0000] "GET /api/v1/properties/687a6f4f8c7e8cf2708d2d72 HTTP/1.1" 200 1531
::1 - - [19/Jul/2025:02:20:40 +0000] "GET /api/v1/pages/homepage HTTP/1.1" - -
::1 - - [19/Jul/2025:02:20:40 +0000] "GET /api/v1/pages/homepage HTTP/1.1" - -
::1 - - [19/Jul/2025:02:39:28 +0000] "GET /api/v1/properties?_end=10&_start=0& HTTP/1.1" 200 4866
::1 - - [19/Jul/2025:10:38:10 +0000] "GET /api/v1/properties?_end=10&_start=0& HTTP/1.1" 304 -
::1 - - [19/Jul/2025:14:02:10 +0000] "GET /api/v1/properties?_end=10&_start=0& HTTP/1.1" 500 107
::1 - - [21/Jul/2025:00:24:59 +0000] "GET /api/v1/pages/homepage HTTP/1.1" 200 5029
::1 - - [21/Jul/2025:00:26:43 +0000] "GET /api/v1/properties/687d885600a951f4217497f9 HTTP/1.1" 200 1721
::1 - - [21/Jul/2025:00:42:31 +0000] "GET /api/v1/properties?_end=10&_start=0& HTTP/1.1" 200 4866
::1 - - [21/Jul/2025:00:52:19 +0000] "GET /api/v1/properties/687d885600a951f4217497f9 HTTP/1.1" 500 546
::1 - - [21/Jul/2025:00:52:29 +0000] "GET /api/v1/pages/homepage HTTP/1.1" - -
::1 - - [21/Jul/2025:00:52:39 +0000] "GET /api/v1/pages/homepage HTTP/1.1" 500 71
::1 - - [21/Jul/2025:00:52:56 +0000] "GET /api/v1/pages/homepage HTTP/1.1" 500 71
::1 - - [21/Jul/2025:00:53:38 +0000] "GET /api/v1/pages/homepage HTTP/1.1" 200 5029
::1 - - [21/Jul/2025:00:53:41 +0000] "GET /api/v1/properties/687d8f211a3212de93939ad9 HTTP/1.1" 200 1763
::1 - - [21/Jul/2025:00:55:47 +0000] "GET /api/v1/pages/homepage HTTP/1.1" 200 5029
::1 - - [21/Jul/2025:00:55:47 +0000] "GET /api/v1/pages/homepage HTTP/1.1" 304 -
::1 - - [21/Jul/2025:00:55:51 +0000] "GET /api/v1/properties/687d900a67e0798385e6d53a HTTP/1.1" 200 1776
::1 - - [21/Jul/2025:01:04:39 +0000] "GET /api/v1/pages/homepage HTTP/1.1" 200 5029
::1 - - [21/Jul/2025:01:04:39 +0000] "GET /api/v1/pages/homepage HTTP/1.1" 304 -
::1 - - [21/Jul/2025:01:04:45 +0000] "GET /api/v1/properties/687d9223a4fbcd045923a300 HTTP/1.1" 200 1694
::1 - - [21/Jul/2025:01:09:49 +0000] "GET /api/v1/properties/687d9223a4fbcd045923a300 HTTP/1.1" 200 1694
::1 - - [21/Jul/2025:01:09:56 +0000] "GET /api/v1/pages/homepage HTTP/1.1" 304 -
::1 - - [21/Jul/2025:01:09:56 +0000] "GET /api/v1/pages/homepage HTTP/1.1" 304 -
::1 - - [21/Jul/2025:01:09:59 +0000] "GET /api/v1/properties/687d9223a4fbcd045923a304 HTTP/1.1" 200 1852
::1 - - [21/Jul/2025:01:11:55 +0000] "GET /api/v1/properties/687d9223a4fbcd045923a304 HTTP/1.1" 200 1852
::1 - - [21/Jul/2025:01:13:50 +0000] "GET /api/v1/pages/homepage HTTP/1.1" 304 -
::1 - - [21/Jul/2025:01:13:50 +0000] "GET /api/v1/pages/homepage HTTP/1.1" 304 -
::1 - - [21/Jul/2025:01:13:53 +0000] "GET /api/v1/properties/687d9223a4fbcd045923a302 HTTP/1.1" 200 1662
::1 - - [21/Jul/2025:01:15:58 +0000] "GET /api/v1/pages/homepage HTTP/1.1" 304 -
::1 - - [21/Jul/2025:01:15:58 +0000] "GET /api/v1/pages/homepage HTTP/1.1" 304 -
::1 - - [21/Jul/2025:01:16:05 +0000] "GET /api/v1/properties/687d9223a4fbcd045923a304 HTTP/1.1" 200 1852
::1 - - [21/Jul/2025:01:17:37 +0000] "GET /api/v1/properties/687d9223a4fbcd045923a304 HTTP/1.1" 200 1852
::1 - - [21/Jul/2025:01:25:48 +0000] "GET /api/v1/properties/687d9223a4fbcd045923a304 HTTP/1.1" 200 1852
::1 - - [21/Jul/2025:01:42:33 +0000] "GET /api/v1/properties/687d9223a4fbcd045923a304 HTTP/1.1" 200 1852
::1 - - [21/Jul/2025:01:50:36 +0000] "GET /api/v1/properties/687d9223a4fbcd045923a304 HTTP/1.1" 200 1852
::1 - - [21/Jul/2025:01:51:08 +0000] "GET /api/v1/pages/homepage HTTP/1.1" 304 -
::1 - - [21/Jul/2025:01:51:08 +0000] "GET /api/v1/pages/homepage HTTP/1.1" 304 -
::1 - - [21/Jul/2025:01:51:11 +0000] "GET /api/v1/properties/687d9223a4fbcd045923a2fe HTTP/1.1" 200 1857
::1 - - [21/Jul/2025:01:52:07 +0000] "GET /api/v1/pages/homepage HTTP/1.1" 304 -
::1 - - [21/Jul/2025:01:52:07 +0000] "GET /api/v1/pages/homepage HTTP/1.1" 304 -
::1 - - [21/Jul/2025:01:55:20 +0000] "GET /api/v1/pages/homepage HTTP/1.1" 304 -
::1 - - [21/Jul/2025:01:55:20 +0000] "GET /api/v1/pages/homepage HTTP/1.1" 304 -
::1 - - [21/Jul/2025:01:55:22 +0000] "GET /api/v1/properties/687d9223a4fbcd045923a304 HTTP/1.1" 200 1852
::1 - - [21/Jul/2025:02:05:17 +0000] "GET /api/v1/pages/homepage HTTP/1.1" 304 -
::1 - - [21/Jul/2025:02:05:34 +0000] "GET /api/v1/properties/687d9223a4fbcd045923a300 HTTP/1.1" 200 1694
::1 - - [21/Jul/2025:02:09:01 +0000] "GET /api/v1/pages/homepage HTTP/1.1" 304 -
::1 - - [21/Jul/2025:02:09:01 +0000] "GET /api/v1/pages/homepage HTTP/1.1" 304 -
::1 - - [21/Jul/2025:02:10:26 +0000] "GET /api/v1/pages/homepage HTTP/1.1" 304 -
::1 - - [21/Jul/2025:02:10:26 +0000] "GET /api/v1/pages/homepage HTTP/1.1" 304 -
::1 - - [21/Jul/2025:02:10:33 +0000] "GET /api/v1/pages/homepage HTTP/1.1" 304 -
::1 - - [21/Jul/2025:13:00:33 +0000] "GET /api/v1/pages/homepage HTTP/1.1" 200 5029
::1 - - [21/Jul/2025:13:00:45 +0000] "GET /api/v1/properties/687e37441b70008554cc6f68 HTTP/1.1" 200 1852
::1 - - [21/Jul/2025:13:00:46 +0000] "GET /api/v1/properties/687e37441b70008554cc6f66 HTTP/1.1" 200 1662
::1 - - [21/Jul/2025:13:01:10 +0000] "GET /api/v1/pages/homepage HTTP/1.1" - -
::1 - - [21/Jul/2025:13:01:10 +0000] "GET /api/v1/pages/homepage HTTP/1.1" - -
::1 - - [21/Jul/2025:13:01:17 +0000] "GET /api/v1/properties/687e37441b70008554cc6f66 HTTP/1.1" 500 1868
::1 - - [21/Jul/2025:13:01:22 +0000] "GET /api/v1/pages/homepage HTTP/1.1" - -
::1 - - [21/Jul/2025:13:01:46 +0000] "GET /api/v1/pages/homepage HTTP/1.1" - -
::1 - - [21/Jul/2025:13:04:27 +0000] "GET /api/v1/pages/homepage HTTP/1.1" 200 5029
::1 - - [21/Jul/2025:13:04:38 +0000] "GET /api/v1/properties/687e3aa085fd9c86342e5f85 HTTP/1.1" 200 1852
::1 - - [21/Jul/2025:14:05:30 +0000] "GET /api/v1/pages/homepage HTTP/1.1" 304 -
::1 - - [21/Jul/2025:14:05:30 +0000] "GET /api/v1/pages/homepage HTTP/1.1" 304 -
::1 - - [21/Jul/2025:14:28:50 +0000] "GET /api/v1/properties?_end=10&_start=0& HTTP/1.1" 200 5390
::1 - - [21/Jul/2025:14:28:52 +0000] "GET /api/v1/pages/homepage HTTP/1.1" 200 5029
::1 - - [21/Jul/2025:16:05:48 +0000] "GET /api/v1/pages/homepage HTTP/1.1" - -
::1 - - [21/Jul/2025:16:05:48 +0000] "GET /api/v1/pages/homepage HTTP/1.1" - -
::1 - - [21/Jul/2025:18:37:40 +0000] "GET /api/v1/properties/search?keywords=%27ajah,lekki%27 HTTP/1.1" 500 672
::1 - - [21/Jul/2025:18:40:50 +0000] "GET /api/v1/properties/search?keywords=%27ajah,lekki%27 HTTP/1.1" 500 672
::1 - - [21/Jul/2025:18:42:35 +0000] "GET /api/v1/search?keywords=%27ajah,lekki%27 HTTP/1.1" 404 152
::1 - - [21/Jul/2025:18:43:25 +0000] "GET /api/v1/pages/search?keywords=%27ajah,lekki%27 HTTP/1.1" 200 57
::1 - - [21/Jul/2025:18:44:04 +0000] "GET /api/v1/pages/search?search=%27ajah,lekki%27 HTTP/1.1" 500 1697
::1 - - [21/Jul/2025:18:44:51 +0000] "GET /api/v1/pages/search?search=%27ajah,lekki%27 HTTP/1.1" 200 5413
::1 - - [21/Jul/2025:18:46:36 +0000] "GET /api/v1/pages/search?propertySubtype=%27duplex%27 HTTP/1.1" 200 57
::1 - - [21/Jul/2025:18:46:49 +0000] "GET /api/v1/pages/search?propertySubtype=%27semi-detached%20duplex%27 HTTP/1.1" 200 57
::1 - - [21/Jul/2025:18:48:36 +0000] "GET /api/v1/pages/search?propertySubtype=%27duplex%27 HTTP/1.1" 200 57
::1 - - [21/Jul/2025:18:48:59 +0000] "GET /api/v1/pages/search?propertySubtype=%27Duplex%27 HTTP/1.1" 200 57
::1 - - [21/Jul/2025:19:02:02 +0000] "GET /api/v1/pages/search?search=%27Duplex%27 HTTP/1.1" 200 5413
::1 - - [21/Jul/2025:19:02:28 +0000] "GET /api/v1/pages/search?search=%27semi-detached,Duplex%27 HTTP/1.1" 200 5413
::1 - - [21/Jul/2025:19:03:18 +0000] "GET /api/v1/pages/search?search=%27semi-detached%27 HTTP/1.1" 200 5413
::1 - - [21/Jul/2025:19:03:27 +0000] "GET /api/v1/pages/search?search=%27detached%27 HTTP/1.1" 200 5413
::1 - - [21/Jul/2025:19:03:32 +0000] "GET /api/v1/pages/search?search=%27pool%27 HTTP/1.1" 200 5413
::1 - - [21/Jul/2025:19:03:53 +0000] "GET /api/v1/pages/search?search=%27elevator%27 HTTP/1.1" 200 5413
::1 - - [21/Jul/2025:19:04:28 +0000] "GET /api/v1/pages/search?search=%27elevator%27 HTTP/1.1" 500 536
::1 - - [21/Jul/2025:19:06:12 +0000] "GET /api/v1/pages/search?search=%27elevator%27 HTTP/1.1" 200 5413
::1 - - [21/Jul/2025:19:26:07 +0000] "GET /api/v1/pages/search?search=%27elevator%27 HTTP/1.1" 200 5413
::1 - - [21/Jul/2025:19:26:39 +0000] "GET /api/v1/pages/search?search=%27lekki%27 HTTP/1.1" 200 5413
::1 - - [21/Jul/2025:19:27:23 +0000] "GET /api/v1/pages/search?search=%27toy%27 HTTP/1.1" 200 5413
::1 - - [21/Jul/2025:19:27:25 +0000] "GET /api/v1/pages/search?search=%27toy%27 HTTP/1.1" 200 5413
::1 - - [21/Jul/2025:19:27:27 +0000] "GET /api/v1/pages/search?search=%27toy%27 HTTP/1.1" 200 5413
::1 - - [21/Jul/2025:19:27:28 +0000] "GET /api/v1/pages/search?search=%27toy%27 HTTP/1.1" 200 5413
::1 - - [21/Jul/2025:19:28:17 +0000] "GET /api/v1/pages/search?keywords=%27toy%27 HTTP/1.1" 200 57
::1 - - [21/Jul/2025:19:28:24 +0000] "GET /api/v1/pages/search?keywords=%27duplex%27 HTTP/1.1" 200 57
::1 - - [21/Jul/2025:19:28:26 +0000] "GET /api/v1/pages/search?keywords=%27duplex%27 HTTP/1.1" 200 57
::1 - - [21/Jul/2025:19:28:28 +0000] "GET /api/v1/pages/search?keywords=%27duplex%27 HTTP/1.1" 200 57
::1 - - [21/Jul/2025:19:29:58 +0000] "GET /api/v1/pages/search?keywords=%27duplex%27 HTTP/1.1" 200 57
::1 - - [21/Jul/2025:19:33:01 +0000] "GET /api/v1/pages/search?keywords=%27duplex%27 HTTP/1.1" 200 57
::1 - - [21/Jul/2025:19:33:02 +0000] "GET /api/v1/pages/search?keywords=%27duplex%27 HTTP/1.1" 200 57
::1 - - [21/Jul/2025:19:33:04 +0000] "GET /api/v1/pages/search?keywords=%27duplex%27 HTTP/1.1" 200 57
::1 - - [21/Jul/2025:19:33:05 +0000] "GET /api/v1/pages/search?keywords=%27duplex%27 HTTP/1.1" 200 57
::1 - - [21/Jul/2025:19:33:21 +0000] "GET /api/v1/pages/search?keywords=%27duplex%27 HTTP/1.1" 200 57
::1 - - [21/Jul/2025:19:33:46 +0000] "GET /api/v1/pages/search?keywords=%27duplex%27 HTTP/1.1" 200 57
::1 - - [21/Jul/2025:19:34:19 +0000] "GET /api/v1/pages/search?keywords=%27duplex%27 HTTP/1.1" 200 57
::1 - - [21/Jul/2025:19:41:12 +0000] "GET /api/v1/pages/search?propertySubtype=%27duplex%27 HTTP/1.1" 200 57
::1 - - [21/Jul/2025:19:41:24 +0000] "GET /api/v1/pages/search?propertySubtype=%27duplex%27 HTTP/1.1" 200 57
::1 - - [21/Jul/2025:19:42:56 +0000] "GET /api/v1/pages/search?propertySubtype=%27duplex%27 HTTP/1.1" 200 57
::1 - - [21/Jul/2025:19:45:04 +0000] "GET /api/v1/pages/search?propertySubtype=%27duplex%27 HTTP/1.1" 200 57
::1 - - [21/Jul/2025:19:45:05 +0000] "GET /api/v1/pages/search?propertySubtype=%27duplex%27 HTTP/1.1" 200 57
::1 - - [21/Jul/2025:19:45:44 +0000] "GET /api/v1/pages/search?propertySubtype=%27duplex%27 HTTP/1.1" 200 57
::1 - - [21/Jul/2025:20:34:18 +0000] "GET /api/v1/pages/explore?propertySubtype=%27duplex%27 HTTP/1.1" 200 5438
::1 - - [21/Jul/2025:20:34:33 +0000] "GET /api/v1/pages/explore?propertySubtype=%27detahce%27 HTTP/1.1" 200 5438
::1 - - [21/Jul/2025:20:36:08 +0000] "GET /api/v1/pages/explore?propertySubtype=%27detahce%27 HTTP/1.1" 500 1726
::1 - - [21/Jul/2025:20:36:11 +0000] "GET /api/v1/pages/explore?propertySubtype=%27detahce%27 HTTP/1.1" 500 1726
::1 - - [21/Jul/2025:20:36:28 +0000] "GET /api/v1/pages/explore?propertySubtype=%27detahce%27 HTTP/1.1" 200 5438
::1 - - [21/Jul/2025:20:37:06 +0000] "GET /api/v1/pages/explore?propertySubtype=%27detahce%27 HTTP/1.1" 200 5470
::1 - - [21/Jul/2025:20:37:08 +0000] "GET /api/v1/pages/explore?propertySubtype=%27detahce%27 HTTP/1.1" 200 5470
::1 - - [21/Jul/2025:20:40:50 +0000] "GET /api/v1/pages/explore?propertySubtype=%27detahce%27 HTTP/1.1" 200 5470
::1 - - [21/Jul/2025:20:43:21 +0000] "GET /api/v1/pages/explore?propertySubtype=%27%27 HTTP/1.1" 200 5470
::1 - - [21/Jul/2025:20:43:23 +0000] "GET /api/v1/pages/explore?propertySubtype=%27%27 HTTP/1.1" 200 5470
::1 - - [21/Jul/2025:20:43:25 +0000] "GET /api/v1/pages/explore?propertySubtype=%27%27 HTTP/1.1" 200 5470
::1 - - [21/Jul/2025:20:43:27 +0000] "GET /api/v1/pages/explore?propertySubtype=%27%27 HTTP/1.1" 200 5470
::1 - - [21/Jul/2025:20:43:39 +0000] "GET /api/v1/pages/explore?propertySubtype=%27%27 HTTP/1.1" 200 5470
::1 - - [21/Jul/2025:20:45:21 +0000] "GET /api/v1/pages/explore?category=%27listingType%27&value=%27rent%27 HTTP/1.1" 200 5470
::1 - - [21/Jul/2025:20:45:51 +0000] "GET /api/v1/pages/explore?category=propertySubtype&value=Duplex&page=1&limit=12&sort=-createdAt HTTP/1.1" 200 1519
::1 - - [21/Jul/2025:20:46:28 +0000] "GET /api/v1/pages/explore?category=listingType&value=rent&page=1&limit=12&sort=-createdAt HTTP/1.1" 200 1356
::1 - - [21/Jul/2025:20:46:39 +0000] "GET /api/v1/pages/explore?category=listingType&value=sale&page=1&limit=12&sort=-createdAt HTTP/1.1" 200 4195
::1 - - [21/Jul/2025:20:50:02 +0000] "GET /api/v1/pages/explore?category=listingType&value=sale&page=1&limit=2&sort=-createdAt HTTP/1.1" 200 2760
::1 - - [21/Jul/2025:20:50:23 +0000] "GET /api/v1/pages/explore?category=listingType&value=sale&page=2&limit=2&sort=-createdAt HTTP/1.1" 200 1530
::1 - - [21/Jul/2025:21:09:00 +0000] "GET /api/v1/pages/explore?category=listingType&value=sale HTTP/1.1" 200 4191
::1 - - [21/Jul/2025:21:42:09 +0000] "GET /api/v1/pages/explore/count HTTP/1.1" 500 539
::1 - - [21/Jul/2025:21:48:47 +0000] "GET /api/v1/pages/explore/count HTTP/1.1" 200 89
::1 - - [21/Jul/2025:21:50:08 +0000] "GET /api/v1/pages/explore/count HTTP/1.1" 200 98
::1 - - [21/Jul/2025:21:50:33 +0000] "GET /api/v1/pages/explore/count HTTP/1.1" 200 69
::1 - - [22/Jul/2025:12:47:14 +0000] "GET /api/v1/pages/homepage HTTP/1.1" - -
::1 - - [22/Jul/2025:16:20:22 +0000] "GET /api/v1/pages/homepage HTTP/1.1" - -
::1 - - [22/Jul/2025:16:20:22 +0000] "GET /api/v1/pages/homepage HTTP/1.1" - -
::1 - - [22/Jul/2025:16:29:40 +0000] "GET / HTTP/1.1" 200 32
::1 - - [22/Jul/2025:16:30:49 +0000] "GET /unknown HTTP/1.1" - -
::1 - - [22/Jul/2025:16:31:02 +0000] "GET / HTTP/1.1" 200 32
::1 - - [22/Jul/2025:16:31:04 +0000] "GET / HTTP/1.1" 200 32
::1 - - [22/Jul/2025:16:35:10 +0000] "GET /unknown HTTP/1.1" 500 1598
::1 - - [22/Jul/2025:16:36:20 +0000] "GET /unknown HTTP/1.1" 404 1624
::1 - - [22/Jul/2025:16:43:04 +0000] "GET /admin-dashboard HTTP/1.1" 404 1640
::1 - - [22/Jul/2025:16:44:03 +0000] "GET /admin-dashboard HTTP/1.1" 404 1649
::1 - - [22/Jul/2025:16:44:25 +0000] "GET /unknown HTTP/1.1" 404 1641
::1 - - [22/Jul/2025:16:44:58 +0000] "GET /unknown HTTP/1.1" 404 1624
::1 - - [22/Jul/2025:16:45:09 +0000] "GET /admin-dashboar HTTP/1.1" 404 1638
::1 - - [23/Jul/2025:01:12:54 +0000] "GET /admin-dashboar HTTP/1.1" 404 72
::1 - - [23/Jul/2025:01:13:01 +0000] "GET /admin-dashboard HTTP/1.1" 500 57
::1 - - [23/Jul/2025:01:13:26 +0000] "GET /admin-dashboard HTTP/1.1" 500 57
::1 - - [23/Jul/2025:01:13:28 +0000] "GET /admin-dashboard HTTP/1.1" 500 57
::1 - - [23/Jul/2025:01:13:46 +0000] "GET / HTTP/1.1" 200 32
::1 - - [23/Jul/2025:01:14:00 +0000] "GET /admin HTTP/1.1" 404 63
::1 - - [23/Jul/2025:01:15:40 +0000] "GET /admin HTTP/1.1" 404 63
::1 - - [23/Jul/2025:01:17:00 +0000] "GET /admin HTTP/1.1" 404 63
::1 - - [23/Jul/2025:01:17:54 +0000] "GET /admin HTTP/1.1" 404 63
::1 - - [23/Jul/2025:01:21:51 +0000] "GET /admin-dashboard HTTP/1.1" 500 57
::1 - - [23/Jul/2025:01:22:56 +0000] "GET / HTTP/1.1" 200 32
::1 - - [23/Jul/2025:01:25:46 +0000] "GET / HTTP/1.1" 200 32
::1 - - [23/Jul/2025:01:52:47 +0000] "GET /api/v1/pages/explore/count HTTP/1.1" 500 57
::1 - - [23/Jul/2025:01:53:39 +0000] "GET /api/v1/count HTTP/1.1" 404 70
::1 - - [23/Jul/2025:01:54:32 +0000] "GET /api/v1/properties/count HTTP/1.1" 400 49
::1 - - [23/Jul/2025:01:55:13 +0000] "GET /api/v1/properties/count HTTP/1.1" 500 57
::1 - - [23/Jul/2025:01:56:37 +0000] "GET /api/v1/properties/count HTTP/1.1" 200 39
::1 - - [23/Jul/2025:02:59:16 +0000] "GET /api/v1/properties/count HTTP/1.1" 200 39
::1 - - [23/Jul/2025:03:00:34 +0000] "GET /api/v1/properties/count HTTP/1.1" 304 -
::1 - - [23/Jul/2025:03:03:50 +0000] "GET /api/v1/properties/count HTTP/1.1" 304 -
::1 - - [23/Jul/2025:03:04:14 +0000] "GET /api/v1/properties/count HTTP/1.1" 304 -
::1 - - [23/Jul/2025:03:04:49 +0000] "GET /api/v1/properties/count HTTP/1.1" 304 -
::1 - - [23/Jul/2025:03:06:54 +0000] "GET /api/v1/properties/count HTTP/1.1" 304 -
::1 - - [23/Jul/2025:03:07:41 +0000] "GET /api/v1/properties/count HTTP/1.1" 304 -
::1 - - [23/Jul/2025:03:09:00 +0000] "GET /api/v1/properties/count HTTP/1.1" 304 -
::1 - - [23/Jul/2025:03:10:52 +0000] "GET /api/v1/properties/count HTTP/1.1" 304 -
::1 - - [23/Jul/2025:03:11:21 +0000] "GET /api/v1/pages/homepage HTTP/1.1" 200 5029
::1 - - [23/Jul/2025:03:11:21 +0000] "GET /api/v1/pages/homepage HTTP/1.1" 304 -
::1 - - [23/Jul/2025:03:17:34 +0000] "GET /api/v1/pages/homepage HTTP/1.1" 304 -
::1 - - [23/Jul/2025:03:18:31 +0000] "GET /api/v1/pages/homepage HTTP/1.1" 304 -
::1 - - [23/Jul/2025:03:19:01 +0000] "GET /api/v1/pages/homepage HTTP/1.1" 304 -
::1 - - [23/Jul/2025:03:19:24 +0000] "GET /api/v1/pages/homepage HTTP/1.1" 304 -
::1 - - [23/Jul/2025:03:19:49 +0000] "GET /api/v1/properties/68804151f53b9adac4b8e0d7 HTTP/1.1" 200 1694
::1 - - [23/Jul/2025:03:19:55 +0000] "GET /api/v1/properties/2 HTTP/1.1" 500 868
::1 - - [23/Jul/2025:03:19:58 +0000] "GET /api/v1/pages/homepage HTTP/1.1" 304 -
::1 - - [23/Jul/2025:03:19:59 +0000] "GET /api/v1/pages/homepage HTTP/1.1" 304 -
::1 - - [23/Jul/2025:03:26:12 +0000] "GET /api/v1/pages/homepage HTTP/1.1" 304 -
::1 - - [23/Jul/2025:03:26:51 +0000] "GET /api/v1/pages/homepage HTTP/1.1" 304 -
::1 - - [23/Jul/2025:03:29:49 +0000] "GET /api/v1/pages/homepage HTTP/1.1" 304 -
::1 - - [23/Jul/2025:03:30:02 +0000] "GET /api/v1/properties/68804151f53b9adac4b8e0d5 HTTP/1.1" 200 1857
::1 - - [23/Jul/2025:03:30:02 +0000] "GET /api/v1/properties/68804151f53b9adac4b8e0d5 HTTP/1.1" 200 1857
::1 - - [23/Jul/2025:03:30:05 +0000] "GET /api/v1/pages/homepage HTTP/1.1" 304 -
::1 - - [23/Jul/2025:03:30:05 +0000] "GET /api/v1/pages/homepage HTTP/1.1" 304 -
::1 - - [23/Jul/2025:14:45:07 +0000] "GET /api/v1/properties/count HTTP/1.1" - -
::1 - - [23/Jul/2025:14:45:07 +0000] "GET /api/v1/properties/count HTTP/1.1" - -
::1 - - [23/Jul/2025:14:51:00 +0000] "GET /api/v1/properties/count HTTP/1.1" - -
::1 - - [23/Jul/2025:15:43:19 +0000] "GET /api/v1/properties?_end=4&_start=0& HTTP/1.1" 200 5390
::1 - - [23/Jul/2025:15:43:36 +0000] "GET /api/v1/properties?_end=4&_start=0& HTTP/1.1" 200 5390
::1 - - [23/Jul/2025:15:47:44 +0000] "GET /api/v1/properties/all HTTP/1.1" 200 5430
::1 - - [23/Jul/2025:15:52:43 +0000] "GET /api/v1/pages/explore HTTP/1.1" 200 5458
::1 - - [23/Jul/2025:15:54:30 +0000] "GET /api/v1/properties/count HTTP/1.1" 200 39
::1 - - [24/Jul/2025:01:22:49 +0000] "GET /api/v1/properties/count HTTP/1.1" 304 -
::1 - - [24/Jul/2025:01:22:49 +0000] "GET /api/v1/pages/explore?page=1 HTTP/1.1" 200 5473
::1 - - [24/Jul/2025:01:23:17 +0000] "GET /api/v1/properties/count HTTP/1.1" 304 -
::1 - - [24/Jul/2025:01:23:17 +0000] "GET /api/v1/pages/explore?page=1 HTTP/1.1" 304 -
::1 - - [25/Jul/2025:13:20:56 +0000] "GET /api/v1/pages/homepage HTTP/1.1" 200 5029
::1 - - [25/Jul/2025:13:22:28 +0000] "GET /api/v1/properties/count HTTP/1.1" 304 -
::1 - - [25/Jul/2025:13:22:28 +0000] "GET /api/v1/pages/explore?page=1 HTTP/1.1" 200 5473
::1 - - [25/Jul/2025:13:22:28 +0000] "GET /api/v1/properties/count HTTP/1.1" 304 -
::1 - - [25/Jul/2025:13:22:28 +0000] "GET /api/v1/pages/explore?page=1 HTTP/1.1" 304 -
::1 - - [25/Jul/2025:14:12:05 +0000] "GET /api/v1/properties/count HTTP/1.1" 304 -
::1 - - [25/Jul/2025:14:12:05 +0000] "GET /api/v1/pages/explore?page=1 HTTP/1.1" 304 -
::1 - - [25/Jul/2025:14:12:09 +0000] "GET /api/v1/properties/count HTTP/1.1" 304 -
::1 - - [25/Jul/2025:14:12:09 +0000] "GET /api/v1/pages/explore?page=1 HTTP/1.1" 304 -
::1 - - [26/Jul/2025:01:11:47 +0000] "GET /api/v1/properties/count HTTP/1.1" 304 -
::1 - - [26/Jul/2025:01:11:47 +0000] "GET /api/v1/pages/explore?page=1 HTTP/1.1" 304 -
::1 - - [26/Jul/2025:01:50:08 +0000] "GET /api/v1/properties/688384910a002f325dd35e37 HTTP/1.1" 200 1852
::1 - - [26/Jul/2025:01:50:08 +0000] "GET /api/v1/properties/688384910a002f325dd35e37 HTTP/1.1" 200 1852
::1 - - [26/Jul/2025:01:50:15 +0000] "GET /api/v1/properties/count HTTP/1.1" 304 -
::1 - - [26/Jul/2025:01:50:15 +0000] "GET /api/v1/pages/explore?page=1 HTTP/1.1" 304 -
::1 - - [26/Jul/2025:01:50:15 +0000] "GET /api/v1/properties/count HTTP/1.1" 304 -
::1 - - [26/Jul/2025:01:50:15 +0000] "GET /api/v1/pages/explore?page=1 HTTP/1.1" 304 -
::1 - - [26/Jul/2025:01:58:02 +0000] "GET /api/v1/properties/count HTTP/1.1" 304 -
::1 - - [26/Jul/2025:01:58:02 +0000] "GET /api/v1/pages/explore?page=1 HTTP/1.1" 304 -
::1 - - [26/Jul/2025:01:58:05 +0000] "GET /api/v1/properties/count HTTP/1.1" 304 -
::1 - - [26/Jul/2025:01:58:06 +0000] "GET /api/v1/pages/explore?page=1 HTTP/1.1" 304 -
::1 - - [26/Jul/2025:01:58:32 +0000] "GET /api/v1/properties/count HTTP/1.1" 304 -
::1 - - [26/Jul/2025:01:58:32 +0000] "GET /api/v1/pages/explore?page=1 HTTP/1.1" 304 -
::1 - - [26/Jul/2025:01:58:37 +0000] "GET /api/v1/properties/688384910a002f325dd35e37 HTTP/1.1" 200 1852
::1 - - [26/Jul/2025:01:58:37 +0000] "GET /api/v1/properties/688384910a002f325dd35e37 HTTP/1.1" 200 1852
::1 - - [26/Jul/2025:01:58:44 +0000] "GET /api/v1/properties/count HTTP/1.1" 304 -
::1 - - [26/Jul/2025:01:58:44 +0000] "GET /api/v1/pages/explore?page=1 HTTP/1.1" 304 -
::1 - - [26/Jul/2025:01:58:44 +0000] "GET /api/v1/properties/count HTTP/1.1" 304 -
::1 - - [26/Jul/2025:01:58:44 +0000] "GET /api/v1/pages/explore?page=1 HTTP/1.1" 304 -
::1 - - [26/Jul/2025:01:58:52 +0000] "GET /api/v1/properties/count HTTP/1.1" 304 -
::1 - - [26/Jul/2025:01:58:52 +0000] "GET /api/v1/pages/explore?page=1 HTTP/1.1" 304 -
::1 - - [26/Jul/2025:01:59:01 +0000] "GET /api/v1/properties/688384910a002f325dd35e37 HTTP/1.1" 200 1852
::1 - - [26/Jul/2025:01:59:01 +0000] "GET /api/v1/properties/688384910a002f325dd35e37 HTTP/1.1" 200 1852
::1 - - [26/Jul/2025:01:59:03 +0000] "GET /api/v1/properties/count HTTP/1.1" 304 -
::1 - - [26/Jul/2025:01:59:03 +0000] "GET /api/v1/pages/explore?page=1 HTTP/1.1" 304 -
::1 - - [26/Jul/2025:01:59:03 +0000] "GET /api/v1/properties/count HTTP/1.1" 304 -
::1 - - [26/Jul/2025:01:59:03 +0000] "GET /api/v1/pages/explore?page=1 HTTP/1.1" 304 -
::1 - - [26/Jul/2025:02:04:59 +0000] "GET /api/v1/pages/homepage HTTP/1.1" 304 -
::1 - - [26/Jul/2025:02:04:59 +0000] "GET /api/v1/pages/homepage HTTP/1.1" 304 -
::1 - - [26/Jul/2025:02:35:51 +0000] "GET /api/v1/properties/688384910a002f325dd35e37 HTTP/1.1" 200 1852
::1 - - [26/Jul/2025:02:35:51 +0000] "GET /api/v1/properties/688384910a002f325dd35e37 HTTP/1.1" 200 1852
::1 - - [26/Jul/2025:02:35:55 +0000] "GET /api/v1/properties/count HTTP/1.1" 304 -
::1 - - [26/Jul/2025:02:35:56 +0000] "GET /api/v1/pages/explore?page=1 HTTP/1.1" 304 -
::1 - - [26/Jul/2025:02:35:56 +0000] "GET /api/v1/properties/count HTTP/1.1" 304 -
::1 - - [26/Jul/2025:02:35:56 +0000] "GET /api/v1/pages/explore?page=1 HTTP/1.1" 304 -
::1 - - [26/Jul/2025:03:10:31 +0000] "GET /api/v1/properties/count HTTP/1.1" 304 -
::1 - - [26/Jul/2025:03:10:31 +0000] "GET /api/v1/pages/explore?category=1&value=undefined&page=undefined&limit=undefined HTTP/1.1" 200 5473
::1 - - [26/Jul/2025:03:35:26 +0000] "GET /api/v1/properties/count HTTP/1.1" - -
::1 - - [26/Jul/2025:03:35:26 +0000] "GET /api/v1/pages/explore?category=&value=&page=1&limit=1 HTTP/1.1" 500 556
::1 - - [26/Jul/2025:03:36:53 +0000] "GET /api/v1/properties/count HTTP/1.1" - -
::1 - - [26/Jul/2025:03:36:53 +0000] "GET /api/v1/pages/explore?category=&value=&page=1&limit=1 HTTP/1.1" 500 556
::1 - - [26/Jul/2025:03:37:17 +0000] "GET /api/v1/pages/explore?category=&value=&page=1&limit=1 HTTP/1.1" - -
::1 - - [26/Jul/2025:03:37:17 +0000] "GET /api/v1/properties/count HTTP/1.1" - -
::1 - - [26/Jul/2025:03:37:28 +0000] "GET /api/v1/properties/count HTTP/1.1" 500 556
::1 - - [26/Jul/2025:03:37:28 +0000] "GET /api/v1/pages/explore?category=&value=&page=1&limit=1 HTTP/1.1" 500 556
::1 - - [26/Jul/2025:03:47:14 +0000] "GET /api/v1/properties/count HTTP/1.1" - -
::1 - - [26/Jul/2025:03:47:14 +0000] "GET /api/v1/pages/explore?category=&value=&page=1&limit=1 HTTP/1.1" 500 556
::1 - - [26/Jul/2025:03:47:14 +0000] "GET /api/v1/properties/count HTTP/1.1" - -
::1 - - [26/Jul/2025:03:47:26 +0000] "GET /api/v1/properties/count HTTP/1.1" 500 556
::1 - - [26/Jul/2025:03:47:59 +0000] "GET /api/v1/properties/count HTTP/1.1" 200 39
::1 - - [26/Jul/2025:04:02:02 +0000] "GET /api/v1/pages/explore?category=&value=&page=1&limit=3 HTTP/1.1" 200 4067
::1 - - [26/Jul/2025:04:07:53 +0000] "GET /api/v1/properties/count HTTP/1.1" 304 -
::1 - - [26/Jul/2025:04:07:56 +0000] "GET /api/v1/pages/explore?category=&value=&page=1&limit=3 HTTP/1.1" 304 -
::1 - - [26/Jul/2025:04:10:47 +0000] "GET /api/v1/pages/explore?category=status&value=available&page=1&limit=3 HTTP/1.1" 200 4082
::1 - - [26/Jul/2025:04:11:18 +0000] "GET /api/v1/properties/count HTTP/1.1" 304 -
::1 - - [26/Jul/2025:04:11:19 +0000] "GET /api/v1/pages/explore?category=status&value=available&page=1&limit=3 HTTP/1.1" 304 -
::1 - - [26/Jul/2025:04:12:55 +0000] "GET /api/v1/properties/count HTTP/1.1" 304 -
::1 - - [26/Jul/2025:04:19:11 +0000] "GET /api/v1/pages/explore?category=status&value=available&page=1&limit=3 HTTP/1.1" 304 -
